2022-05-21 03:48:04,196 [Worker-4: Loading available Gradle versions] INFO  o.e.b.c.i.u.g.PublishedGradleVersions - Gradle version information cache is not available. Remote download required.
2022-05-21 03:48:05,476 [Worker-4: Loading available Gradle versions] ERROR o.e.b.c.i.u.g.PublishedGradleVersions - Cannot write Gradle version information cache file.
java.io.FileNotFoundException: C:\Users\ConradMaré\.cache\tooling\gradle\versions.json (The system cannot find the path specified)
	at java.base/java.io.FileOutputStream.open0(Native Method)
	at java.base/java.io.FileOutputStream.open(FileOutputStream.java:293)
	at java.base/java.io.FileOutputStream.<init>(FileOutputStream.java:235)
	at com.google.common.io.Files$FileByteSink.openStream(Files.java:193)
	at com.google.common.io.Files$FileByteSink.openStream(Files.java:181)
	at com.google.common.io.ByteSink$AsCharSink.openStream(ByteSink.java:149)
	at com.google.common.io.CharSource$StringCharSource.copyTo(CharSource.java:648)
	at org.eclipse.buildship.core.internal.util.gradle.PublishedGradleVersions.storeCacheVersionsFile(PublishedGradleVersions.java:184)
	at org.eclipse.buildship.core.internal.util.gradle.PublishedGradleVersions.tryToDownloadAndCacheVersions(PublishedGradleVersions.java:150)
	at org.eclipse.buildship.core.internal.util.gradle.PublishedGradleVersions.create(PublishedGradleVersions.java:109)
	at org.eclipse.buildship.core.internal.util.gradle.PublishedGradleVersionsWrapper$LoadVersionsJob.run(PublishedGradleVersionsWrapper.java:60)
	at org.eclipse.core.internal.jobs.Worker.run(Worker.java:63)
2022-05-21 08:30:35,460 [Worker-0: Loading available Gradle versions] INFO  o.e.b.c.i.u.g.PublishedGradleVersions - Gradle version information cache is not available. Remote download required.
2022-05-21 08:30:36,912 [Worker-0: Loading available Gradle versions] ERROR o.e.b.c.i.u.g.PublishedGradleVersions - Cannot write Gradle version information cache file.
java.io.FileNotFoundException: C:\Users\ConradMaré\.cache\tooling\gradle\versions.json (The system cannot find the path specified)
	at java.base/java.io.FileOutputStream.open0(Native Method)
	at java.base/java.io.FileOutputStream.open(FileOutputStream.java:293)
	at java.base/java.io.FileOutputStream.<init>(FileOutputStream.java:235)
	at com.google.common.io.Files$FileByteSink.openStream(Files.java:193)
	at com.google.common.io.Files$FileByteSink.openStream(Files.java:181)
	at com.google.common.io.ByteSink$AsCharSink.openStream(ByteSink.java:149)
	at com.google.common.io.CharSource$StringCharSource.copyTo(CharSource.java:648)
	at org.eclipse.buildship.core.internal.util.gradle.PublishedGradleVersions.storeCacheVersionsFile(PublishedGradleVersions.java:184)
	at org.eclipse.buildship.core.internal.util.gradle.PublishedGradleVersions.tryToDownloadAndCacheVersions(PublishedGradleVersions.java:150)
	at org.eclipse.buildship.core.internal.util.gradle.PublishedGradleVersions.create(PublishedGradleVersions.java:109)
	at org.eclipse.buildship.core.internal.util.gradle.PublishedGradleVersionsWrapper$LoadVersionsJob.run(PublishedGradleVersionsWrapper.java:60)
	at org.eclipse.core.internal.jobs.Worker.run(Worker.java:63)
2022-05-21 10:29:50,684 [Worker-0: Loading available Gradle versions] INFO  o.e.b.c.i.u.g.PublishedGradleVersions - Gradle version information cache is not available. Remote download required.
2022-05-21 10:29:52,742 [Worker-0: Loading available Gradle versions] ERROR o.e.b.c.i.u.g.PublishedGradleVersions - Cannot write Gradle version information cache file.
java.io.FileNotFoundException: C:\Users\ConradMaré\.cache\tooling\gradle\versions.json (The system cannot find the path specified)
	at java.base/java.io.FileOutputStream.open0(Native Method)
	at java.base/java.io.FileOutputStream.open(FileOutputStream.java:293)
	at java.base/java.io.FileOutputStream.<init>(FileOutputStream.java:235)
	at com.google.common.io.Files$FileByteSink.openStream(Files.java:193)
	at com.google.common.io.Files$FileByteSink.openStream(Files.java:181)
	at com.google.common.io.ByteSink$AsCharSink.openStream(ByteSink.java:149)
	at com.google.common.io.CharSource$StringCharSource.copyTo(CharSource.java:648)
	at org.eclipse.buildship.core.internal.util.gradle.PublishedGradleVersions.storeCacheVersionsFile(PublishedGradleVersions.java:184)
	at org.eclipse.buildship.core.internal.util.gradle.PublishedGradleVersions.tryToDownloadAndCacheVersions(PublishedGradleVersions.java:150)
	at org.eclipse.buildship.core.internal.util.gradle.PublishedGradleVersions.create(PublishedGradleVersions.java:109)
	at org.eclipse.buildship.core.internal.util.gradle.PublishedGradleVersionsWrapper$LoadVersionsJob.run(PublishedGradleVersionsWrapper.java:60)
	at org.eclipse.core.internal.jobs.Worker.run(Worker.java:63)
