2022-05-19 02:25:30,214 [Worker-1: Loading available Gradle versions] INFO  o.e.b.c.i.u.g.PublishedGradleVersions - Gradle version information cache is not available. Remote download required.
2022-05-19 02:25:31,892 [Worker-1: Loading available Gradle versions] ERROR o.e.b.c.i.u.g.PublishedGradleVersions - Cannot write Gradle version information cache file.
java.io.FileNotFoundException: C:\Users\ConradMaré\.cache\tooling\gradle\versions.json (The system cannot find the path specified)
	at java.base/java.io.FileOutputStream.open0(Native Method)
	at java.base/java.io.FileOutputStream.open(FileOutputStream.java:293)
	at java.base/java.io.FileOutputStream.<init>(FileOutputStream.java:235)
	at com.google.common.io.Files$FileByteSink.openStream(Files.java:193)
	at com.google.common.io.Files$FileByteSink.openStream(Files.java:181)
	at com.google.common.io.ByteSink$AsCharSink.openStream(ByteSink.java:149)
	at com.google.common.io.CharSource$StringCharSource.copyTo(CharSource.java:648)
	at org.eclipse.buildship.core.internal.util.gradle.PublishedGradleVersions.storeCacheVersionsFile(PublishedGradleVersions.java:184)
	at org.eclipse.buildship.core.internal.util.gradle.PublishedGradleVersions.tryToDownloadAndCacheVersions(PublishedGradleVersions.java:150)
	at org.eclipse.buildship.core.internal.util.gradle.PublishedGradleVersions.create(PublishedGradleVersions.java:109)
	at org.eclipse.buildship.core.internal.util.gradle.PublishedGradleVersionsWrapper$LoadVersionsJob.run(PublishedGradleVersionsWrapper.java:60)
	at org.eclipse.core.internal.jobs.Worker.run(Worker.java:63)
2022-05-19 10:13:10,978 [Worker-0: Loading available Gradle versions] INFO  o.e.b.c.i.u.g.PublishedGradleVersions - Gradle version information cache is not available. Remote download required.
2022-05-19 10:13:12,636 [Worker-0: Loading available Gradle versions] ERROR o.e.b.c.i.u.g.PublishedGradleVersions - Cannot write Gradle version information cache file.
java.io.FileNotFoundException: C:\Users\ConradMaré\.cache\tooling\gradle\versions.json (The system cannot find the path specified)
	at java.base/java.io.FileOutputStream.open0(Native Method)
	at java.base/java.io.FileOutputStream.open(FileOutputStream.java:293)
	at java.base/java.io.FileOutputStream.<init>(FileOutputStream.java:235)
	at com.google.common.io.Files$FileByteSink.openStream(Files.java:193)
	at com.google.common.io.Files$FileByteSink.openStream(Files.java:181)
	at com.google.common.io.ByteSink$AsCharSink.openStream(ByteSink.java:149)
	at com.google.common.io.CharSource$StringCharSource.copyTo(CharSource.java:648)
	at org.eclipse.buildship.core.internal.util.gradle.PublishedGradleVersions.storeCacheVersionsFile(PublishedGradleVersions.java:184)
	at org.eclipse.buildship.core.internal.util.gradle.PublishedGradleVersions.tryToDownloadAndCacheVersions(PublishedGradleVersions.java:150)
	at org.eclipse.buildship.core.internal.util.gradle.PublishedGradleVersions.create(PublishedGradleVersions.java:109)
	at org.eclipse.buildship.core.internal.util.gradle.PublishedGradleVersionsWrapper$LoadVersionsJob.run(PublishedGradleVersionsWrapper.java:60)
	at org.eclipse.core.internal.jobs.Worker.run(Worker.java:63)
2022-05-19 10:14:47,362 [Worker-1: Importing Maven projects] INFO  o.e.m.c.i.e.AbstractTransferListenerAdapter - Downloading https://repo.maven.apache.org/maven2/org/springframework/boot/spring-boot-starter-parent/2.6.7/spring-boot-starter-parent-2.6.7.pom
2022-05-19 10:14:47,569 [Worker-1: Importing Maven projects] INFO  o.e.m.c.i.e.AbstractTransferListenerAdapter - Downloading https://repo.maven.apache.org/maven2/org/springframework/boot/spring-boot-starter-parent/2.6.7/spring-boot-starter-parent-2.6.7.pom
2022-05-19 10:14:47,804 [Worker-1: Importing Maven projects] INFO  o.e.m.c.i.e.AbstractTransferListenerAdapter - Downloading https://repo.maven.apache.org/maven2/org/springframework/boot/spring-boot-starter-parent/2.6.7/spring-boot-starter-parent-2.6.7.pom
2022-05-19 10:14:48,035 [Worker-1: Importing Maven projects] INFO  o.e.m.c.i.e.AbstractTransferListenerAdapter - Downloading https://repo.maven.apache.org/maven2/org/springframework/boot/spring-boot-starter-parent/2.6.7/spring-boot-starter-parent-2.6.7.pom
2022-05-19 10:14:48,294 [Worker-1: Importing Maven projects] INFO  o.e.m.c.i.e.AbstractTransferListenerAdapter - Downloading https://repo.maven.apache.org/maven2/org/springframework/boot/spring-boot-starter-parent/2.6.7/spring-boot-starter-parent-2.6.7.pom
2022-05-19 10:14:48,525 [Worker-1: Importing Maven projects] INFO  o.e.m.c.i.e.AbstractTransferListenerAdapter - Downloading https://repo.maven.apache.org/maven2/org/springframework/boot/spring-boot-starter-parent/2.6.7/spring-boot-starter-parent-2.6.7.pom
2022-05-19 10:14:48,751 [Worker-1: Importing Maven projects] INFO  o.e.m.c.i.e.AbstractTransferListenerAdapter - Downloading https://repo.maven.apache.org/maven2/org/springframework/boot/spring-boot-starter-parent/2.6.7/spring-boot-starter-parent-2.6.7.pom
2022-05-19 10:14:48,945 [Worker-1: Importing Maven projects] INFO  o.e.m.c.i.e.AbstractTransferListenerAdapter - Downloading https://repo.maven.apache.org/maven2/org/springframework/boot/spring-boot-starter-parent/2.6.7/spring-boot-starter-parent-2.6.7.pom
2022-05-19 10:14:49,129 [Worker-1: Importing Maven projects] INFO  o.e.m.c.i.e.AbstractTransferListenerAdapter - Downloading https://repo.maven.apache.org/maven2/org/springframework/boot/spring-boot-starter-parent/2.6.7/spring-boot-starter-parent-2.6.7.pom
2022-05-19 10:14:49,319 [Worker-1: Importing Maven projects] INFO  o.e.m.c.i.e.AbstractTransferListenerAdapter - Downloading https://repo.maven.apache.org/maven2/org/springframework/boot/spring-boot-starter-parent/2.6.7/spring-boot-starter-parent-2.6.7.pom
2022-05-19 10:14:49,320 [Worker-1: Importing Maven projects] INFO  o.e.m.c.i.e.AbstractTransferListenerAdapter - Downloaded https://repo.maven.apache.org/maven2/org/springframework/boot/spring-boot-starter-parent/2.6.7/spring-boot-starter-parent-2.6.7.pom
2022-05-19 10:14:49,324 [Worker-1: Importing Maven projects] WARN  o.e.a.i.impl.TrackingFileManager - Failed to create parent directories for tracking file C:\Users\ConradMaré\.m2\repository\org\springframework\boot\spring-boot-starter-parent\2.6.7\spring-boot-starter-parent-2.6.7.pom.lastUpdated
2022-05-19 10:14:49,707 [Worker-1: Importing Maven projects] INFO  o.e.m.c.i.p.ProjectConfigurationManager - Imported and configured 1 project(s) in 5 sec
2022-05-19 10:14:51,002 [Worker-0: Building] INFO  o.e.m.c.i.e.AbstractTransferListenerAdapter - Downloading https://repo.maven.apache.org/maven2/org/springframework/boot/spring-boot-starter-parent/2.6.7/spring-boot-starter-parent-2.6.7.pom
2022-05-19 10:14:51,413 [Worker-0: Building] INFO  o.e.m.c.i.e.AbstractTransferListenerAdapter - Downloading https://repo.maven.apache.org/maven2/org/springframework/boot/spring-boot-starter-parent/2.6.7/spring-boot-starter-parent-2.6.7.pom
2022-05-19 10:14:51,622 [Worker-0: Building] INFO  o.e.m.c.i.e.AbstractTransferListenerAdapter - Downloading https://repo.maven.apache.org/maven2/org/springframework/boot/spring-boot-starter-parent/2.6.7/spring-boot-starter-parent-2.6.7.pom
2022-05-19 10:14:51,820 [Worker-0: Building] INFO  o.e.m.c.i.e.AbstractTransferListenerAdapter - Downloading https://repo.maven.apache.org/maven2/org/springframework/boot/spring-boot-starter-parent/2.6.7/spring-boot-starter-parent-2.6.7.pom
2022-05-19 10:14:52,017 [Worker-0: Building] INFO  o.e.m.c.i.e.AbstractTransferListenerAdapter - Downloading https://repo.maven.apache.org/maven2/org/springframework/boot/spring-boot-starter-parent/2.6.7/spring-boot-starter-parent-2.6.7.pom
2022-05-19 10:14:52,210 [Worker-0: Building] INFO  o.e.m.c.i.e.AbstractTransferListenerAdapter - Downloading https://repo.maven.apache.org/maven2/org/springframework/boot/spring-boot-starter-parent/2.6.7/spring-boot-starter-parent-2.6.7.pom
2022-05-19 10:14:52,402 [Worker-0: Building] INFO  o.e.m.c.i.e.AbstractTransferListenerAdapter - Downloading https://repo.maven.apache.org/maven2/org/springframework/boot/spring-boot-starter-parent/2.6.7/spring-boot-starter-parent-2.6.7.pom
2022-05-19 10:14:52,590 [Worker-0: Building] INFO  o.e.m.c.i.e.AbstractTransferListenerAdapter - Downloading https://repo.maven.apache.org/maven2/org/springframework/boot/spring-boot-starter-parent/2.6.7/spring-boot-starter-parent-2.6.7.pom
2022-05-19 10:14:52,789 [Worker-0: Building] INFO  o.e.m.c.i.e.AbstractTransferListenerAdapter - Downloading https://repo.maven.apache.org/maven2/org/springframework/boot/spring-boot-starter-parent/2.6.7/spring-boot-starter-parent-2.6.7.pom
2022-05-19 10:14:52,980 [Worker-0: Building] INFO  o.e.m.c.i.e.AbstractTransferListenerAdapter - Downloading https://repo.maven.apache.org/maven2/org/springframework/boot/spring-boot-starter-parent/2.6.7/spring-boot-starter-parent-2.6.7.pom
2022-05-19 10:14:52,981 [Worker-0: Building] INFO  o.e.m.c.i.e.AbstractTransferListenerAdapter - Downloaded https://repo.maven.apache.org/maven2/org/springframework/boot/spring-boot-starter-parent/2.6.7/spring-boot-starter-parent-2.6.7.pom
2022-05-19 10:14:52,985 [Worker-0: Building] WARN  o.e.a.i.impl.TrackingFileManager - Failed to create parent directories for tracking file C:\Users\ConradMaré\.m2\repository\org\springframework\boot\spring-boot-starter-parent\2.6.7\spring-boot-starter-parent-2.6.7.pom.lastUpdated
2022-05-19 10:14:53,307 [JGit-FileStoreAttributeWriter-2] ERROR org.eclipse.jgit.util.FS - Cannot save config file 'FileBasedConfig[C:\Users\ConradMaré\.config\jgit\config]'
java.io.IOException: Creating directories for C:\Users\ConradMaré\.config\jgit failed
	at org.eclipse.jgit.util.FileUtils.mkdirs(FileUtils.java:412)
	at org.eclipse.jgit.internal.storage.file.LockFile.lock(LockFile.java:140)
	at org.eclipse.jgit.storage.file.FileBasedConfig.save(FileBasedConfig.java:219)
	at org.eclipse.jgit.util.FS$FileStoreAttributes.saveToConfig(FS.java:744)
	at org.eclipse.jgit.util.FS$FileStoreAttributes.lambda$4(FS.java:430)
	at java.base/java.util.concurrent.ThreadPoolExecutor.runWorker(ThreadPoolExecutor.java:1136)
	at java.base/java.util.concurrent.ThreadPoolExecutor$Worker.run(ThreadPoolExecutor.java:635)
	at java.base/java.lang.Thread.run(Thread.java:833)
2022-05-19 10:22:29,703 [Worker-9: Import Getting Started Content] INFO  o.e.m.c.i.e.AbstractTransferListenerAdapter - Downloading https://repo.spring.io/snapshot/org/springframework/boot/spring-boot-starter-parent/3.0.0-SNAPSHOT/maven-metadata.xml
2022-05-19 10:22:29,961 [Worker-9: Import Getting Started Content] INFO  o.e.m.c.i.e.AbstractTransferListenerAdapter - Downloading https://repo.spring.io/snapshot/org/springframework/boot/spring-boot-starter-parent/3.0.0-SNAPSHOT/maven-metadata.xml
2022-05-19 10:22:30,217 [Worker-9: Import Getting Started Content] INFO  o.e.m.c.i.e.AbstractTransferListenerAdapter - Downloading https://repo.spring.io/snapshot/org/springframework/boot/spring-boot-starter-parent/3.0.0-SNAPSHOT/maven-metadata.xml
2022-05-19 10:22:30,471 [Worker-9: Import Getting Started Content] INFO  o.e.m.c.i.e.AbstractTransferListenerAdapter - Downloading https://repo.spring.io/snapshot/org/springframework/boot/spring-boot-starter-parent/3.0.0-SNAPSHOT/maven-metadata.xml
2022-05-19 10:22:30,724 [Worker-9: Import Getting Started Content] INFO  o.e.m.c.i.e.AbstractTransferListenerAdapter - Downloading https://repo.spring.io/snapshot/org/springframework/boot/spring-boot-starter-parent/3.0.0-SNAPSHOT/maven-metadata.xml
2022-05-19 10:22:30,978 [Worker-9: Import Getting Started Content] INFO  o.e.m.c.i.e.AbstractTransferListenerAdapter - Downloading https://repo.spring.io/snapshot/org/springframework/boot/spring-boot-starter-parent/3.0.0-SNAPSHOT/maven-metadata.xml
2022-05-19 10:22:31,234 [Worker-9: Import Getting Started Content] INFO  o.e.m.c.i.e.AbstractTransferListenerAdapter - Downloading https://repo.spring.io/snapshot/org/springframework/boot/spring-boot-starter-parent/3.0.0-SNAPSHOT/maven-metadata.xml
2022-05-19 10:22:31,489 [Worker-9: Import Getting Started Content] INFO  o.e.m.c.i.e.AbstractTransferListenerAdapter - Downloading https://repo.spring.io/snapshot/org/springframework/boot/spring-boot-starter-parent/3.0.0-SNAPSHOT/maven-metadata.xml
2022-05-19 10:22:31,745 [Worker-9: Import Getting Started Content] INFO  o.e.m.c.i.e.AbstractTransferListenerAdapter - Downloading https://repo.spring.io/snapshot/org/springframework/boot/spring-boot-starter-parent/3.0.0-SNAPSHOT/maven-metadata.xml
2022-05-19 10:22:32,001 [Worker-9: Import Getting Started Content] INFO  o.e.m.c.i.e.AbstractTransferListenerAdapter - Downloading https://repo.spring.io/snapshot/org/springframework/boot/spring-boot-starter-parent/3.0.0-SNAPSHOT/maven-metadata.xml
2022-05-19 10:22:32,002 [Worker-9: Import Getting Started Content] INFO  o.e.m.c.i.e.AbstractTransferListenerAdapter - Downloaded https://repo.spring.io/snapshot/org/springframework/boot/spring-boot-starter-parent/3.0.0-SNAPSHOT/maven-metadata.xml
2022-05-19 10:22:32,004 [Worker-9: Import Getting Started Content] WARN  o.e.a.i.impl.TrackingFileManager - Failed to create parent directories for tracking file C:\Users\ConradMaré\.m2\repository\org\springframework\boot\spring-boot-starter-parent\3.0.0-SNAPSHOT\resolver-status.properties
2022-05-19 10:22:32,006 [Worker-9: Import Getting Started Content] WARN  o.e.m.c.i.embedder.EclipseLogger - Could not transfer metadata org.springframework.boot:spring-boot-starter-parent:3.0.0-SNAPSHOT/maven-metadata.xml from/to spring-snapshots (https://repo.spring.io/snapshot): C:\Users\ConradMaré\.m2\repository\org\springframework\boot\spring-boot-starter-parent\3.0.0-SNAPSHOT\aether-1dc904a9-574f-4c26-b7b3-40f57d1b48d1-maven-metadata-spring-snapshots.xml-in-progress (The system cannot find the path specified)
2022-05-19 10:22:32,269 [Worker-9: Import Getting Started Content] INFO  o.e.m.c.i.e.AbstractTransferListenerAdapter - Downloading https://repo.spring.io/snapshot/org/springframework/boot/spring-boot-starter-parent/3.0.0-SNAPSHOT/spring-boot-starter-parent-3.0.0-SNAPSHOT.pom
2022-05-19 10:22:33,644 [Worker-9: Import Getting Started Content] INFO  o.e.m.c.i.e.AbstractTransferListenerAdapter - Downloading https://repo.spring.io/snapshot/org/springframework/boot/spring-boot-starter-parent/3.0.0-SNAPSHOT/spring-boot-starter-parent-3.0.0-SNAPSHOT.pom
2022-05-19 10:22:35,042 [Worker-9: Import Getting Started Content] INFO  o.e.m.c.i.e.AbstractTransferListenerAdapter - Downloading https://repo.spring.io/snapshot/org/springframework/boot/spring-boot-starter-parent/3.0.0-SNAPSHOT/spring-boot-starter-parent-3.0.0-SNAPSHOT.pom
2022-05-19 10:22:36,407 [Worker-9: Import Getting Started Content] INFO  o.e.m.c.i.e.AbstractTransferListenerAdapter - Downloading https://repo.spring.io/snapshot/org/springframework/boot/spring-boot-starter-parent/3.0.0-SNAPSHOT/spring-boot-starter-parent-3.0.0-SNAPSHOT.pom
2022-05-19 10:22:37,788 [Worker-9: Import Getting Started Content] INFO  o.e.m.c.i.e.AbstractTransferListenerAdapter - Downloading https://repo.spring.io/snapshot/org/springframework/boot/spring-boot-starter-parent/3.0.0-SNAPSHOT/spring-boot-starter-parent-3.0.0-SNAPSHOT.pom
2022-05-19 10:22:39,259 [Worker-9: Import Getting Started Content] INFO  o.e.m.c.i.e.AbstractTransferListenerAdapter - Downloading https://repo.spring.io/snapshot/org/springframework/boot/spring-boot-starter-parent/3.0.0-SNAPSHOT/spring-boot-starter-parent-3.0.0-SNAPSHOT.pom
2022-05-19 10:22:40,660 [Worker-9: Import Getting Started Content] INFO  o.e.m.c.i.e.AbstractTransferListenerAdapter - Downloading https://repo.spring.io/snapshot/org/springframework/boot/spring-boot-starter-parent/3.0.0-SNAPSHOT/spring-boot-starter-parent-3.0.0-SNAPSHOT.pom
2022-05-19 10:22:42,058 [Worker-9: Import Getting Started Content] INFO  o.e.m.c.i.e.AbstractTransferListenerAdapter - Downloading https://repo.spring.io/snapshot/org/springframework/boot/spring-boot-starter-parent/3.0.0-SNAPSHOT/spring-boot-starter-parent-3.0.0-SNAPSHOT.pom
2022-05-19 10:22:43,420 [Worker-9: Import Getting Started Content] INFO  o.e.m.c.i.e.AbstractTransferListenerAdapter - Downloading https://repo.spring.io/snapshot/org/springframework/boot/spring-boot-starter-parent/3.0.0-SNAPSHOT/spring-boot-starter-parent-3.0.0-SNAPSHOT.pom
2022-05-19 10:22:44,829 [Worker-9: Import Getting Started Content] INFO  o.e.m.c.i.e.AbstractTransferListenerAdapter - Downloading https://repo.spring.io/snapshot/org/springframework/boot/spring-boot-starter-parent/3.0.0-SNAPSHOT/spring-boot-starter-parent-3.0.0-SNAPSHOT.pom
2022-05-19 10:22:44,931 [Worker-9: Import Getting Started Content] INFO  o.e.m.c.i.e.AbstractTransferListenerAdapter - Downloaded https://repo.spring.io/snapshot/org/springframework/boot/spring-boot-starter-parent/3.0.0-SNAPSHOT/spring-boot-starter-parent-3.0.0-SNAPSHOT.pom
2022-05-19 10:22:44,934 [Worker-9: Import Getting Started Content] WARN  o.e.a.i.impl.TrackingFileManager - Failed to create parent directories for tracking file C:\Users\ConradMaré\.m2\repository\org\springframework\boot\spring-boot-starter-parent\3.0.0-SNAPSHOT\spring-boot-starter-parent-3.0.0-SNAPSHOT.pom.lastUpdated
2022-05-19 10:22:44,959 [Worker-9: Import Getting Started Content] INFO  o.e.m.c.i.p.ProjectConfigurationManager - Imported and configured 1 project(s) in 16 sec
2022-05-19 10:22:44,965 [Worker-9: Import Getting Started Content] INFO  o.e.m.c.i.p.ProjectConfigurationManager - Update started
2022-05-19 10:22:46,241 [Worker-9: Import Getting Started Content] INFO  o.e.m.c.i.e.AbstractTransferListenerAdapter - Downloading https://repo.spring.io/snapshot/org/springframework/boot/spring-boot-starter-parent/3.0.0-SNAPSHOT/maven-metadata.xml
2022-05-19 10:22:46,499 [Worker-9: Import Getting Started Content] INFO  o.e.m.c.i.e.AbstractTransferListenerAdapter - Downloading https://repo.spring.io/snapshot/org/springframework/boot/spring-boot-starter-parent/3.0.0-SNAPSHOT/maven-metadata.xml
2022-05-19 10:22:46,756 [Worker-9: Import Getting Started Content] INFO  o.e.m.c.i.e.AbstractTransferListenerAdapter - Downloading https://repo.spring.io/snapshot/org/springframework/boot/spring-boot-starter-parent/3.0.0-SNAPSHOT/maven-metadata.xml
2022-05-19 10:22:47,013 [Worker-9: Import Getting Started Content] INFO  o.e.m.c.i.e.AbstractTransferListenerAdapter - Downloading https://repo.spring.io/snapshot/org/springframework/boot/spring-boot-starter-parent/3.0.0-SNAPSHOT/maven-metadata.xml
2022-05-19 10:22:47,271 [Worker-9: Import Getting Started Content] INFO  o.e.m.c.i.e.AbstractTransferListenerAdapter - Downloading https://repo.spring.io/snapshot/org/springframework/boot/spring-boot-starter-parent/3.0.0-SNAPSHOT/maven-metadata.xml
2022-05-19 10:22:47,528 [Worker-9: Import Getting Started Content] INFO  o.e.m.c.i.e.AbstractTransferListenerAdapter - Downloading https://repo.spring.io/snapshot/org/springframework/boot/spring-boot-starter-parent/3.0.0-SNAPSHOT/maven-metadata.xml
2022-05-19 10:22:47,789 [Worker-9: Import Getting Started Content] INFO  o.e.m.c.i.e.AbstractTransferListenerAdapter - Downloading https://repo.spring.io/snapshot/org/springframework/boot/spring-boot-starter-parent/3.0.0-SNAPSHOT/maven-metadata.xml
2022-05-19 10:22:48,047 [Worker-9: Import Getting Started Content] INFO  o.e.m.c.i.e.AbstractTransferListenerAdapter - Downloading https://repo.spring.io/snapshot/org/springframework/boot/spring-boot-starter-parent/3.0.0-SNAPSHOT/maven-metadata.xml
2022-05-19 10:22:48,304 [Worker-9: Import Getting Started Content] INFO  o.e.m.c.i.e.AbstractTransferListenerAdapter - Downloading https://repo.spring.io/snapshot/org/springframework/boot/spring-boot-starter-parent/3.0.0-SNAPSHOT/maven-metadata.xml
2022-05-19 10:22:48,562 [Worker-9: Import Getting Started Content] INFO  o.e.m.c.i.e.AbstractTransferListenerAdapter - Downloading https://repo.spring.io/snapshot/org/springframework/boot/spring-boot-starter-parent/3.0.0-SNAPSHOT/maven-metadata.xml
2022-05-19 10:22:48,563 [Worker-9: Import Getting Started Content] INFO  o.e.m.c.i.e.AbstractTransferListenerAdapter - Downloaded https://repo.spring.io/snapshot/org/springframework/boot/spring-boot-starter-parent/3.0.0-SNAPSHOT/maven-metadata.xml
2022-05-19 10:22:48,566 [Worker-9: Import Getting Started Content] WARN  o.e.a.i.impl.TrackingFileManager - Failed to create parent directories for tracking file C:\Users\ConradMaré\.m2\repository\org\springframework\boot\spring-boot-starter-parent\3.0.0-SNAPSHOT\resolver-status.properties
2022-05-19 10:22:48,567 [Worker-9: Import Getting Started Content] WARN  o.e.m.c.i.embedder.EclipseLogger - Could not transfer metadata org.springframework.boot:spring-boot-starter-parent:3.0.0-SNAPSHOT/maven-metadata.xml from/to spring-snapshots (https://repo.spring.io/snapshot): C:\Users\ConradMaré\.m2\repository\org\springframework\boot\spring-boot-starter-parent\3.0.0-SNAPSHOT\aether-2e4e550f-90af-429a-a942-ce0e4331fd3d-maven-metadata-spring-snapshots.xml-in-progress (The system cannot find the path specified)
2022-05-19 10:22:48,832 [Worker-9: Import Getting Started Content] INFO  o.e.m.c.i.e.AbstractTransferListenerAdapter - Downloading https://repo.spring.io/snapshot/org/springframework/boot/spring-boot-starter-parent/3.0.0-SNAPSHOT/spring-boot-starter-parent-3.0.0-SNAPSHOT.pom
2022-05-19 10:22:50,191 [Worker-9: Import Getting Started Content] INFO  o.e.m.c.i.e.AbstractTransferListenerAdapter - Downloading https://repo.spring.io/snapshot/org/springframework/boot/spring-boot-starter-parent/3.0.0-SNAPSHOT/spring-boot-starter-parent-3.0.0-SNAPSHOT.pom
2022-05-19 10:22:51,556 [Worker-9: Import Getting Started Content] INFO  o.e.m.c.i.e.AbstractTransferListenerAdapter - Downloading https://repo.spring.io/snapshot/org/springframework/boot/spring-boot-starter-parent/3.0.0-SNAPSHOT/spring-boot-starter-parent-3.0.0-SNAPSHOT.pom
2022-05-19 10:22:52,921 [Worker-9: Import Getting Started Content] INFO  o.e.m.c.i.e.AbstractTransferListenerAdapter - Downloading https://repo.spring.io/snapshot/org/springframework/boot/spring-boot-starter-parent/3.0.0-SNAPSHOT/spring-boot-starter-parent-3.0.0-SNAPSHOT.pom
2022-05-19 10:22:54,282 [Worker-9: Import Getting Started Content] INFO  o.e.m.c.i.e.AbstractTransferListenerAdapter - Downloading https://repo.spring.io/snapshot/org/springframework/boot/spring-boot-starter-parent/3.0.0-SNAPSHOT/spring-boot-starter-parent-3.0.0-SNAPSHOT.pom
2022-05-19 10:22:55,643 [Worker-9: Import Getting Started Content] INFO  o.e.m.c.i.e.AbstractTransferListenerAdapter - Downloading https://repo.spring.io/snapshot/org/springframework/boot/spring-boot-starter-parent/3.0.0-SNAPSHOT/spring-boot-starter-parent-3.0.0-SNAPSHOT.pom
2022-05-19 10:22:57,045 [Worker-9: Import Getting Started Content] INFO  o.e.m.c.i.e.AbstractTransferListenerAdapter - Downloading https://repo.spring.io/snapshot/org/springframework/boot/spring-boot-starter-parent/3.0.0-SNAPSHOT/spring-boot-starter-parent-3.0.0-SNAPSHOT.pom
2022-05-19 10:22:58,444 [Worker-9: Import Getting Started Content] INFO  o.e.m.c.i.e.AbstractTransferListenerAdapter - Downloading https://repo.spring.io/snapshot/org/springframework/boot/spring-boot-starter-parent/3.0.0-SNAPSHOT/spring-boot-starter-parent-3.0.0-SNAPSHOT.pom
2022-05-19 10:22:59,906 [Worker-9: Import Getting Started Content] INFO  o.e.m.c.i.e.AbstractTransferListenerAdapter - Downloading https://repo.spring.io/snapshot/org/springframework/boot/spring-boot-starter-parent/3.0.0-SNAPSHOT/spring-boot-starter-parent-3.0.0-SNAPSHOT.pom
2022-05-19 10:23:01,275 [Worker-9: Import Getting Started Content] INFO  o.e.m.c.i.e.AbstractTransferListenerAdapter - Downloading https://repo.spring.io/snapshot/org/springframework/boot/spring-boot-starter-parent/3.0.0-SNAPSHOT/spring-boot-starter-parent-3.0.0-SNAPSHOT.pom
2022-05-19 10:23:01,378 [Worker-9: Import Getting Started Content] INFO  o.e.m.c.i.e.AbstractTransferListenerAdapter - Downloaded https://repo.spring.io/snapshot/org/springframework/boot/spring-boot-starter-parent/3.0.0-SNAPSHOT/spring-boot-starter-parent-3.0.0-SNAPSHOT.pom
2022-05-19 10:23:01,381 [Worker-9: Import Getting Started Content] WARN  o.e.a.i.impl.TrackingFileManager - Failed to create parent directories for tracking file C:\Users\ConradMaré\.m2\repository\org\springframework\boot\spring-boot-starter-parent\3.0.0-SNAPSHOT\spring-boot-starter-parent-3.0.0-SNAPSHOT.pom.lastUpdated
2022-05-19 10:23:01,402 [Worker-9: Import Getting Started Content] INFO  o.e.m.c.i.p.ProjectConfigurationManager - Update completed: 16 sec
2022-05-19 10:23:02,678 [Worker-8: Building Workspace] INFO  o.e.m.c.i.e.AbstractTransferListenerAdapter - Downloading https://repo.spring.io/snapshot/org/springframework/boot/spring-boot-starter-parent/3.0.0-SNAPSHOT/maven-metadata.xml
2022-05-19 10:23:02,932 [Worker-8: Building Workspace] INFO  o.e.m.c.i.e.AbstractTransferListenerAdapter - Downloading https://repo.spring.io/snapshot/org/springframework/boot/spring-boot-starter-parent/3.0.0-SNAPSHOT/maven-metadata.xml
2022-05-19 10:23:03,186 [Worker-8: Building Workspace] INFO  o.e.m.c.i.e.AbstractTransferListenerAdapter - Downloading https://repo.spring.io/snapshot/org/springframework/boot/spring-boot-starter-parent/3.0.0-SNAPSHOT/maven-metadata.xml
2022-05-19 10:23:03,443 [Worker-8: Building Workspace] INFO  o.e.m.c.i.e.AbstractTransferListenerAdapter - Downloading https://repo.spring.io/snapshot/org/springframework/boot/spring-boot-starter-parent/3.0.0-SNAPSHOT/maven-metadata.xml
2022-05-19 10:23:03,703 [Worker-8: Building Workspace] INFO  o.e.m.c.i.e.AbstractTransferListenerAdapter - Downloading https://repo.spring.io/snapshot/org/springframework/boot/spring-boot-starter-parent/3.0.0-SNAPSHOT/maven-metadata.xml
2022-05-19 10:23:03,957 [Worker-8: Building Workspace] INFO  o.e.m.c.i.e.AbstractTransferListenerAdapter - Downloading https://repo.spring.io/snapshot/org/springframework/boot/spring-boot-starter-parent/3.0.0-SNAPSHOT/maven-metadata.xml
2022-05-19 10:23:04,211 [Worker-8: Building Workspace] INFO  o.e.m.c.i.e.AbstractTransferListenerAdapter - Downloading https://repo.spring.io/snapshot/org/springframework/boot/spring-boot-starter-parent/3.0.0-SNAPSHOT/maven-metadata.xml
2022-05-19 10:23:04,465 [Worker-8: Building Workspace] INFO  o.e.m.c.i.e.AbstractTransferListenerAdapter - Downloading https://repo.spring.io/snapshot/org/springframework/boot/spring-boot-starter-parent/3.0.0-SNAPSHOT/maven-metadata.xml
2022-05-19 10:23:04,728 [Worker-8: Building Workspace] INFO  o.e.m.c.i.e.AbstractTransferListenerAdapter - Downloading https://repo.spring.io/snapshot/org/springframework/boot/spring-boot-starter-parent/3.0.0-SNAPSHOT/maven-metadata.xml
2022-05-19 10:23:04,983 [Worker-8: Building Workspace] INFO  o.e.m.c.i.e.AbstractTransferListenerAdapter - Downloading https://repo.spring.io/snapshot/org/springframework/boot/spring-boot-starter-parent/3.0.0-SNAPSHOT/maven-metadata.xml
2022-05-19 10:23:04,984 [Worker-8: Building Workspace] INFO  o.e.m.c.i.e.AbstractTransferListenerAdapter - Downloaded https://repo.spring.io/snapshot/org/springframework/boot/spring-boot-starter-parent/3.0.0-SNAPSHOT/maven-metadata.xml
2022-05-19 10:23:04,990 [Worker-8: Building Workspace] WARN  o.e.a.i.impl.TrackingFileManager - Failed to create parent directories for tracking file C:\Users\ConradMaré\.m2\repository\org\springframework\boot\spring-boot-starter-parent\3.0.0-SNAPSHOT\resolver-status.properties
2022-05-19 10:23:04,991 [Worker-8: Building Workspace] WARN  o.e.m.c.i.embedder.EclipseLogger - Could not transfer metadata org.springframework.boot:spring-boot-starter-parent:3.0.0-SNAPSHOT/maven-metadata.xml from/to spring-snapshots (https://repo.spring.io/snapshot): C:\Users\ConradMaré\.m2\repository\org\springframework\boot\spring-boot-starter-parent\3.0.0-SNAPSHOT\aether-67412f5e-0ef8-4575-bf3a-3f3b7261ac94-maven-metadata-spring-snapshots.xml-in-progress (The system cannot find the path specified)
2022-05-19 10:23:05,256 [Worker-8: Building Workspace] INFO  o.e.m.c.i.e.AbstractTransferListenerAdapter - Downloading https://repo.spring.io/snapshot/org/springframework/boot/spring-boot-starter-parent/3.0.0-SNAPSHOT/spring-boot-starter-parent-3.0.0-SNAPSHOT.pom
2022-05-19 10:23:06,615 [Worker-8: Building Workspace] INFO  o.e.m.c.i.e.AbstractTransferListenerAdapter - Downloading https://repo.spring.io/snapshot/org/springframework/boot/spring-boot-starter-parent/3.0.0-SNAPSHOT/spring-boot-starter-parent-3.0.0-SNAPSHOT.pom
2022-05-19 10:23:07,974 [Worker-8: Building Workspace] INFO  o.e.m.c.i.e.AbstractTransferListenerAdapter - Downloading https://repo.spring.io/snapshot/org/springframework/boot/spring-boot-starter-parent/3.0.0-SNAPSHOT/spring-boot-starter-parent-3.0.0-SNAPSHOT.pom
2022-05-19 10:23:09,340 [Worker-8: Building Workspace] INFO  o.e.m.c.i.e.AbstractTransferListenerAdapter - Downloading https://repo.spring.io/snapshot/org/springframework/boot/spring-boot-starter-parent/3.0.0-SNAPSHOT/spring-boot-starter-parent-3.0.0-SNAPSHOT.pom
2022-05-19 10:23:10,742 [Worker-8: Building Workspace] INFO  o.e.m.c.i.e.AbstractTransferListenerAdapter - Downloading https://repo.spring.io/snapshot/org/springframework/boot/spring-boot-starter-parent/3.0.0-SNAPSHOT/spring-boot-starter-parent-3.0.0-SNAPSHOT.pom
2022-05-19 10:23:12,126 [Worker-8: Building Workspace] INFO  o.e.m.c.i.e.AbstractTransferListenerAdapter - Downloading https://repo.spring.io/snapshot/org/springframework/boot/spring-boot-starter-parent/3.0.0-SNAPSHOT/spring-boot-starter-parent-3.0.0-SNAPSHOT.pom
2022-05-19 10:23:13,485 [Worker-8: Building Workspace] INFO  o.e.m.c.i.e.AbstractTransferListenerAdapter - Downloading https://repo.spring.io/snapshot/org/springframework/boot/spring-boot-starter-parent/3.0.0-SNAPSHOT/spring-boot-starter-parent-3.0.0-SNAPSHOT.pom
2022-05-19 10:23:14,889 [Worker-8: Building Workspace] INFO  o.e.m.c.i.e.AbstractTransferListenerAdapter - Downloading https://repo.spring.io/snapshot/org/springframework/boot/spring-boot-starter-parent/3.0.0-SNAPSHOT/spring-boot-starter-parent-3.0.0-SNAPSHOT.pom
2022-05-19 10:23:16,305 [Worker-8: Building Workspace] INFO  o.e.m.c.i.e.AbstractTransferListenerAdapter - Downloading https://repo.spring.io/snapshot/org/springframework/boot/spring-boot-starter-parent/3.0.0-SNAPSHOT/spring-boot-starter-parent-3.0.0-SNAPSHOT.pom
2022-05-19 10:23:17,661 [Worker-8: Building Workspace] INFO  o.e.m.c.i.e.AbstractTransferListenerAdapter - Downloading https://repo.spring.io/snapshot/org/springframework/boot/spring-boot-starter-parent/3.0.0-SNAPSHOT/spring-boot-starter-parent-3.0.0-SNAPSHOT.pom
2022-05-19 10:23:17,763 [Worker-8: Building Workspace] INFO  o.e.m.c.i.e.AbstractTransferListenerAdapter - Downloaded https://repo.spring.io/snapshot/org/springframework/boot/spring-boot-starter-parent/3.0.0-SNAPSHOT/spring-boot-starter-parent-3.0.0-SNAPSHOT.pom
2022-05-19 10:23:17,765 [Worker-8: Building Workspace] WARN  o.e.a.i.impl.TrackingFileManager - Failed to create parent directories for tracking file C:\Users\ConradMaré\.m2\repository\org\springframework\boot\spring-boot-starter-parent\3.0.0-SNAPSHOT\spring-boot-starter-parent-3.0.0-SNAPSHOT.pom.lastUpdated
2022-05-19 10:24:47,601 [Worker-12: Import Getting Started Content] INFO  o.e.m.c.i.e.AbstractTransferListenerAdapter - Downloading https://repo.maven.apache.org/maven2/org/springframework/boot/spring-boot-starter-parent/2.7.0/spring-boot-starter-parent-2.7.0.pom
2022-05-19 10:24:48,025 [Worker-12: Import Getting Started Content] INFO  o.e.m.c.i.e.AbstractTransferListenerAdapter - Downloading https://repo.maven.apache.org/maven2/org/springframework/boot/spring-boot-starter-parent/2.7.0/spring-boot-starter-parent-2.7.0.pom
2022-05-19 10:24:48,222 [Worker-12: Import Getting Started Content] INFO  o.e.m.c.i.e.AbstractTransferListenerAdapter - Downloading https://repo.maven.apache.org/maven2/org/springframework/boot/spring-boot-starter-parent/2.7.0/spring-boot-starter-parent-2.7.0.pom
2022-05-19 10:24:48,412 [Worker-12: Import Getting Started Content] INFO  o.e.m.c.i.e.AbstractTransferListenerAdapter - Downloading https://repo.maven.apache.org/maven2/org/springframework/boot/spring-boot-starter-parent/2.7.0/spring-boot-starter-parent-2.7.0.pom
2022-05-19 10:24:48,609 [Worker-12: Import Getting Started Content] INFO  o.e.m.c.i.e.AbstractTransferListenerAdapter - Downloading https://repo.maven.apache.org/maven2/org/springframework/boot/spring-boot-starter-parent/2.7.0/spring-boot-starter-parent-2.7.0.pom
2022-05-19 10:24:48,818 [Worker-12: Import Getting Started Content] INFO  o.e.m.c.i.e.AbstractTransferListenerAdapter - Downloading https://repo.maven.apache.org/maven2/org/springframework/boot/spring-boot-starter-parent/2.7.0/spring-boot-starter-parent-2.7.0.pom
2022-05-19 10:24:49,043 [Worker-12: Import Getting Started Content] INFO  o.e.m.c.i.e.AbstractTransferListenerAdapter - Downloading https://repo.maven.apache.org/maven2/org/springframework/boot/spring-boot-starter-parent/2.7.0/spring-boot-starter-parent-2.7.0.pom
2022-05-19 10:24:49,269 [Worker-12: Import Getting Started Content] INFO  o.e.m.c.i.e.AbstractTransferListenerAdapter - Downloading https://repo.maven.apache.org/maven2/org/springframework/boot/spring-boot-starter-parent/2.7.0/spring-boot-starter-parent-2.7.0.pom
2022-05-19 10:24:49,493 [Worker-12: Import Getting Started Content] INFO  o.e.m.c.i.e.AbstractTransferListenerAdapter - Downloading https://repo.maven.apache.org/maven2/org/springframework/boot/spring-boot-starter-parent/2.7.0/spring-boot-starter-parent-2.7.0.pom
2022-05-19 10:24:49,698 [Worker-12: Import Getting Started Content] INFO  o.e.m.c.i.e.AbstractTransferListenerAdapter - Downloading https://repo.maven.apache.org/maven2/org/springframework/boot/spring-boot-starter-parent/2.7.0/spring-boot-starter-parent-2.7.0.pom
2022-05-19 10:24:49,699 [Worker-12: Import Getting Started Content] INFO  o.e.m.c.i.e.AbstractTransferListenerAdapter - Downloaded https://repo.maven.apache.org/maven2/org/springframework/boot/spring-boot-starter-parent/2.7.0/spring-boot-starter-parent-2.7.0.pom
2022-05-19 10:24:49,702 [Worker-12: Import Getting Started Content] WARN  o.e.a.i.impl.TrackingFileManager - Failed to create parent directories for tracking file C:\Users\ConradMaré\.m2\repository\org\springframework\boot\spring-boot-starter-parent\2.7.0\spring-boot-starter-parent-2.7.0.pom.lastUpdated
2022-05-19 10:24:49,734 [Worker-12: Import Getting Started Content] INFO  o.e.m.c.i.p.ProjectConfigurationManager - Imported and configured 1 project(s) in 2 sec
2022-05-19 10:24:49,738 [Worker-12: Import Getting Started Content] INFO  o.e.m.c.i.p.ProjectConfigurationManager - Update started
2022-05-19 10:24:50,638 [Worker-12: Import Getting Started Content] INFO  o.e.m.c.i.e.AbstractTransferListenerAdapter - Downloading https://repo.maven.apache.org/maven2/org/springframework/boot/spring-boot-starter-parent/2.7.0/spring-boot-starter-parent-2.7.0.pom
2022-05-19 10:24:51,046 [Worker-12: Import Getting Started Content] INFO  o.e.m.c.i.e.AbstractTransferListenerAdapter - Downloading https://repo.maven.apache.org/maven2/org/springframework/boot/spring-boot-starter-parent/2.7.0/spring-boot-starter-parent-2.7.0.pom
2022-05-19 10:24:51,257 [Worker-12: Import Getting Started Content] INFO  o.e.m.c.i.e.AbstractTransferListenerAdapter - Downloading https://repo.maven.apache.org/maven2/org/springframework/boot/spring-boot-starter-parent/2.7.0/spring-boot-starter-parent-2.7.0.pom
2022-05-19 10:24:51,467 [Worker-12: Import Getting Started Content] INFO  o.e.m.c.i.e.AbstractTransferListenerAdapter - Downloading https://repo.maven.apache.org/maven2/org/springframework/boot/spring-boot-starter-parent/2.7.0/spring-boot-starter-parent-2.7.0.pom
2022-05-19 10:24:51,694 [Worker-12: Import Getting Started Content] INFO  o.e.m.c.i.e.AbstractTransferListenerAdapter - Downloading https://repo.maven.apache.org/maven2/org/springframework/boot/spring-boot-starter-parent/2.7.0/spring-boot-starter-parent-2.7.0.pom
2022-05-19 10:24:51,920 [Worker-12: Import Getting Started Content] INFO  o.e.m.c.i.e.AbstractTransferListenerAdapter - Downloading https://repo.maven.apache.org/maven2/org/springframework/boot/spring-boot-starter-parent/2.7.0/spring-boot-starter-parent-2.7.0.pom
2022-05-19 10:24:52,127 [Worker-12: Import Getting Started Content] INFO  o.e.m.c.i.e.AbstractTransferListenerAdapter - Downloading https://repo.maven.apache.org/maven2/org/springframework/boot/spring-boot-starter-parent/2.7.0/spring-boot-starter-parent-2.7.0.pom
2022-05-19 10:24:52,324 [Worker-12: Import Getting Started Content] INFO  o.e.m.c.i.e.AbstractTransferListenerAdapter - Downloading https://repo.maven.apache.org/maven2/org/springframework/boot/spring-boot-starter-parent/2.7.0/spring-boot-starter-parent-2.7.0.pom
2022-05-19 10:24:52,519 [Worker-12: Import Getting Started Content] INFO  o.e.m.c.i.e.AbstractTransferListenerAdapter - Downloading https://repo.maven.apache.org/maven2/org/springframework/boot/spring-boot-starter-parent/2.7.0/spring-boot-starter-parent-2.7.0.pom
2022-05-19 10:24:52,716 [Worker-12: Import Getting Started Content] INFO  o.e.m.c.i.e.AbstractTransferListenerAdapter - Downloading https://repo.maven.apache.org/maven2/org/springframework/boot/spring-boot-starter-parent/2.7.0/spring-boot-starter-parent-2.7.0.pom
2022-05-19 10:24:52,717 [Worker-12: Import Getting Started Content] INFO  o.e.m.c.i.e.AbstractTransferListenerAdapter - Downloaded https://repo.maven.apache.org/maven2/org/springframework/boot/spring-boot-starter-parent/2.7.0/spring-boot-starter-parent-2.7.0.pom
2022-05-19 10:24:52,720 [Worker-12: Import Getting Started Content] WARN  o.e.a.i.impl.TrackingFileManager - Failed to create parent directories for tracking file C:\Users\ConradMaré\.m2\repository\org\springframework\boot\spring-boot-starter-parent\2.7.0\spring-boot-starter-parent-2.7.0.pom.lastUpdated
2022-05-19 10:24:52,738 [Worker-12: Import Getting Started Content] INFO  o.e.m.c.i.p.ProjectConfigurationManager - Update completed: 3 sec
2022-05-19 10:26:38,918 [Worker-10: Launching New_configuration] INFO  o.e.m.c.i.e.AbstractTransferListenerAdapter - Downloading https://repo.spring.io/snapshot/org/springframework/boot/spring-boot-starter-parent/3.0.0-SNAPSHOT/maven-metadata.xml
2022-05-19 10:26:39,177 [Worker-10: Launching New_configuration] INFO  o.e.m.c.i.e.AbstractTransferListenerAdapter - Downloading https://repo.spring.io/snapshot/org/springframework/boot/spring-boot-starter-parent/3.0.0-SNAPSHOT/maven-metadata.xml
2022-05-19 10:26:39,433 [Worker-10: Launching New_configuration] INFO  o.e.m.c.i.e.AbstractTransferListenerAdapter - Downloading https://repo.spring.io/snapshot/org/springframework/boot/spring-boot-starter-parent/3.0.0-SNAPSHOT/maven-metadata.xml
2022-05-19 10:26:39,687 [Worker-10: Launching New_configuration] INFO  o.e.m.c.i.e.AbstractTransferListenerAdapter - Downloading https://repo.spring.io/snapshot/org/springframework/boot/spring-boot-starter-parent/3.0.0-SNAPSHOT/maven-metadata.xml
2022-05-19 10:26:39,944 [Worker-10: Launching New_configuration] INFO  o.e.m.c.i.e.AbstractTransferListenerAdapter - Downloading https://repo.spring.io/snapshot/org/springframework/boot/spring-boot-starter-parent/3.0.0-SNAPSHOT/maven-metadata.xml
2022-05-19 10:26:40,203 [Worker-10: Launching New_configuration] INFO  o.e.m.c.i.e.AbstractTransferListenerAdapter - Downloading https://repo.spring.io/snapshot/org/springframework/boot/spring-boot-starter-parent/3.0.0-SNAPSHOT/maven-metadata.xml
2022-05-19 10:26:40,457 [Worker-10: Launching New_configuration] INFO  o.e.m.c.i.e.AbstractTransferListenerAdapter - Downloading https://repo.spring.io/snapshot/org/springframework/boot/spring-boot-starter-parent/3.0.0-SNAPSHOT/maven-metadata.xml
2022-05-19 10:26:40,717 [Worker-10: Launching New_configuration] INFO  o.e.m.c.i.e.AbstractTransferListenerAdapter - Downloading https://repo.spring.io/snapshot/org/springframework/boot/spring-boot-starter-parent/3.0.0-SNAPSHOT/maven-metadata.xml
2022-05-19 10:26:40,971 [Worker-10: Launching New_configuration] INFO  o.e.m.c.i.e.AbstractTransferListenerAdapter - Downloading https://repo.spring.io/snapshot/org/springframework/boot/spring-boot-starter-parent/3.0.0-SNAPSHOT/maven-metadata.xml
2022-05-19 10:26:41,226 [Worker-10: Launching New_configuration] INFO  o.e.m.c.i.e.AbstractTransferListenerAdapter - Downloading https://repo.spring.io/snapshot/org/springframework/boot/spring-boot-starter-parent/3.0.0-SNAPSHOT/maven-metadata.xml
2022-05-19 10:26:41,227 [Worker-10: Launching New_configuration] INFO  o.e.m.c.i.e.AbstractTransferListenerAdapter - Downloaded https://repo.spring.io/snapshot/org/springframework/boot/spring-boot-starter-parent/3.0.0-SNAPSHOT/maven-metadata.xml
2022-05-19 10:26:41,230 [Worker-10: Launching New_configuration] WARN  o.e.a.i.impl.TrackingFileManager - Failed to create parent directories for tracking file C:\Users\ConradMaré\.m2\repository\org\springframework\boot\spring-boot-starter-parent\3.0.0-SNAPSHOT\resolver-status.properties
2022-05-19 10:26:41,231 [Worker-10: Launching New_configuration] WARN  o.e.m.c.i.embedder.EclipseLogger - Could not transfer metadata org.springframework.boot:spring-boot-starter-parent:3.0.0-SNAPSHOT/maven-metadata.xml from/to spring-snapshots (https://repo.spring.io/snapshot): C:\Users\ConradMaré\.m2\repository\org\springframework\boot\spring-boot-starter-parent\3.0.0-SNAPSHOT\aether-924cdc37-1bc9-4cfa-a48a-9114203cf70f-maven-metadata-spring-snapshots.xml-in-progress (The system cannot find the path specified)
2022-05-19 10:26:41,493 [Worker-10: Launching New_configuration] INFO  o.e.m.c.i.e.AbstractTransferListenerAdapter - Downloading https://repo.spring.io/snapshot/org/springframework/boot/spring-boot-starter-parent/3.0.0-SNAPSHOT/spring-boot-starter-parent-3.0.0-SNAPSHOT.pom
2022-05-19 10:26:42,854 [Worker-10: Launching New_configuration] INFO  o.e.m.c.i.e.AbstractTransferListenerAdapter - Downloading https://repo.spring.io/snapshot/org/springframework/boot/spring-boot-starter-parent/3.0.0-SNAPSHOT/spring-boot-starter-parent-3.0.0-SNAPSHOT.pom
2022-05-19 10:26:44,363 [Worker-10: Launching New_configuration] INFO  o.e.m.c.i.e.AbstractTransferListenerAdapter - Downloading https://repo.spring.io/snapshot/org/springframework/boot/spring-boot-starter-parent/3.0.0-SNAPSHOT/spring-boot-starter-parent-3.0.0-SNAPSHOT.pom
2022-05-19 10:26:45,723 [Worker-10: Launching New_configuration] INFO  o.e.m.c.i.e.AbstractTransferListenerAdapter - Downloading https://repo.spring.io/snapshot/org/springframework/boot/spring-boot-starter-parent/3.0.0-SNAPSHOT/spring-boot-starter-parent-3.0.0-SNAPSHOT.pom
2022-05-19 10:26:47,132 [Worker-10: Launching New_configuration] INFO  o.e.m.c.i.e.AbstractTransferListenerAdapter - Downloading https://repo.spring.io/snapshot/org/springframework/boot/spring-boot-starter-parent/3.0.0-SNAPSHOT/spring-boot-starter-parent-3.0.0-SNAPSHOT.pom
2022-05-19 10:26:48,490 [Worker-10: Launching New_configuration] INFO  o.e.m.c.i.e.AbstractTransferListenerAdapter - Downloading https://repo.spring.io/snapshot/org/springframework/boot/spring-boot-starter-parent/3.0.0-SNAPSHOT/spring-boot-starter-parent-3.0.0-SNAPSHOT.pom
2022-05-19 10:26:50,120 [Worker-10: Launching New_configuration] INFO  o.e.m.c.i.e.AbstractTransferListenerAdapter - Downloading https://repo.spring.io/snapshot/org/springframework/boot/spring-boot-starter-parent/3.0.0-SNAPSHOT/spring-boot-starter-parent-3.0.0-SNAPSHOT.pom
2022-05-19 10:26:51,479 [Worker-10: Launching New_configuration] INFO  o.e.m.c.i.e.AbstractTransferListenerAdapter - Downloading https://repo.spring.io/snapshot/org/springframework/boot/spring-boot-starter-parent/3.0.0-SNAPSHOT/spring-boot-starter-parent-3.0.0-SNAPSHOT.pom
2022-05-19 10:26:52,841 [Worker-10: Launching New_configuration] INFO  o.e.m.c.i.e.AbstractTransferListenerAdapter - Downloading https://repo.spring.io/snapshot/org/springframework/boot/spring-boot-starter-parent/3.0.0-SNAPSHOT/spring-boot-starter-parent-3.0.0-SNAPSHOT.pom
2022-05-19 10:26:54,254 [Worker-10: Launching New_configuration] INFO  o.e.m.c.i.e.AbstractTransferListenerAdapter - Downloading https://repo.spring.io/snapshot/org/springframework/boot/spring-boot-starter-parent/3.0.0-SNAPSHOT/spring-boot-starter-parent-3.0.0-SNAPSHOT.pom
2022-05-19 10:26:54,356 [Worker-10: Launching New_configuration] INFO  o.e.m.c.i.e.AbstractTransferListenerAdapter - Downloaded https://repo.spring.io/snapshot/org/springframework/boot/spring-boot-starter-parent/3.0.0-SNAPSHOT/spring-boot-starter-parent-3.0.0-SNAPSHOT.pom
2022-05-19 10:26:54,359 [Worker-10: Launching New_configuration] WARN  o.e.a.i.impl.TrackingFileManager - Failed to create parent directories for tracking file C:\Users\ConradMaré\.m2\repository\org\springframework\boot\spring-boot-starter-parent\3.0.0-SNAPSHOT\spring-boot-starter-parent-3.0.0-SNAPSHOT.pom.lastUpdated
2022-05-19 10:26:55,099 [Worker-10: Launching New_configuration] INFO  o.e.m.c.i.e.AbstractTransferListenerAdapter - Downloading https://repo.maven.apache.org/maven2/org/springframework/boot/spring-boot-starter-parent/2.7.0/spring-boot-starter-parent-2.7.0.pom
2022-05-19 10:26:55,436 [Worker-10: Launching New_configuration] INFO  o.e.m.c.i.e.AbstractTransferListenerAdapter - Downloading https://repo.maven.apache.org/maven2/org/springframework/boot/spring-boot-starter-parent/2.7.0/spring-boot-starter-parent-2.7.0.pom
2022-05-19 10:26:55,611 [Worker-10: Launching New_configuration] INFO  o.e.m.c.i.e.AbstractTransferListenerAdapter - Downloading https://repo.maven.apache.org/maven2/org/springframework/boot/spring-boot-starter-parent/2.7.0/spring-boot-starter-parent-2.7.0.pom
2022-05-19 10:26:55,785 [Worker-10: Launching New_configuration] INFO  o.e.m.c.i.e.AbstractTransferListenerAdapter - Downloading https://repo.maven.apache.org/maven2/org/springframework/boot/spring-boot-starter-parent/2.7.0/spring-boot-starter-parent-2.7.0.pom
2022-05-19 10:26:55,959 [Worker-10: Launching New_configuration] INFO  o.e.m.c.i.e.AbstractTransferListenerAdapter - Downloading https://repo.maven.apache.org/maven2/org/springframework/boot/spring-boot-starter-parent/2.7.0/spring-boot-starter-parent-2.7.0.pom
2022-05-19 10:26:56,133 [Worker-10: Launching New_configuration] INFO  o.e.m.c.i.e.AbstractTransferListenerAdapter - Downloading https://repo.maven.apache.org/maven2/org/springframework/boot/spring-boot-starter-parent/2.7.0/spring-boot-starter-parent-2.7.0.pom
2022-05-19 10:26:56,307 [Worker-10: Launching New_configuration] INFO  o.e.m.c.i.e.AbstractTransferListenerAdapter - Downloading https://repo.maven.apache.org/maven2/org/springframework/boot/spring-boot-starter-parent/2.7.0/spring-boot-starter-parent-2.7.0.pom
2022-05-19 10:26:56,480 [Worker-10: Launching New_configuration] INFO  o.e.m.c.i.e.AbstractTransferListenerAdapter - Downloading https://repo.maven.apache.org/maven2/org/springframework/boot/spring-boot-starter-parent/2.7.0/spring-boot-starter-parent-2.7.0.pom
2022-05-19 10:26:56,655 [Worker-10: Launching New_configuration] INFO  o.e.m.c.i.e.AbstractTransferListenerAdapter - Downloading https://repo.maven.apache.org/maven2/org/springframework/boot/spring-boot-starter-parent/2.7.0/spring-boot-starter-parent-2.7.0.pom
2022-05-19 10:26:56,829 [Worker-10: Launching New_configuration] INFO  o.e.m.c.i.e.AbstractTransferListenerAdapter - Downloading https://repo.maven.apache.org/maven2/org/springframework/boot/spring-boot-starter-parent/2.7.0/spring-boot-starter-parent-2.7.0.pom
2022-05-19 10:26:56,830 [Worker-10: Launching New_configuration] INFO  o.e.m.c.i.e.AbstractTransferListenerAdapter - Downloaded https://repo.maven.apache.org/maven2/org/springframework/boot/spring-boot-starter-parent/2.7.0/spring-boot-starter-parent-2.7.0.pom
2022-05-19 10:26:56,832 [Worker-10: Launching New_configuration] WARN  o.e.a.i.impl.TrackingFileManager - Failed to create parent directories for tracking file C:\Users\ConradMaré\.m2\repository\org\springframework\boot\spring-boot-starter-parent\2.7.0\spring-boot-starter-parent-2.7.0.pom.lastUpdated
2022-05-19 10:29:26,380 [Worker-13: reload maven project] INFO  o.e.m.c.i.e.AbstractTransferListenerAdapter - Downloading https://repo.maven.apache.org/maven2/org/springframework/boot/spring-boot-starter-parent/2.6.7/spring-boot-starter-parent-2.6.7.pom
2022-05-19 10:29:26,565 [Worker-13: reload maven project] INFO  o.e.m.c.i.e.AbstractTransferListenerAdapter - Downloading https://repo.maven.apache.org/maven2/org/springframework/boot/spring-boot-starter-parent/2.6.7/spring-boot-starter-parent-2.6.7.pom
2022-05-19 10:29:26,750 [Worker-13: reload maven project] INFO  o.e.m.c.i.e.AbstractTransferListenerAdapter - Downloading https://repo.maven.apache.org/maven2/org/springframework/boot/spring-boot-starter-parent/2.6.7/spring-boot-starter-parent-2.6.7.pom
2022-05-19 10:29:26,941 [Worker-13: reload maven project] INFO  o.e.m.c.i.e.AbstractTransferListenerAdapter - Downloading https://repo.maven.apache.org/maven2/org/springframework/boot/spring-boot-starter-parent/2.6.7/spring-boot-starter-parent-2.6.7.pom
2022-05-19 10:29:27,127 [Worker-13: reload maven project] INFO  o.e.m.c.i.e.AbstractTransferListenerAdapter - Downloading https://repo.maven.apache.org/maven2/org/springframework/boot/spring-boot-starter-parent/2.6.7/spring-boot-starter-parent-2.6.7.pom
2022-05-19 10:29:27,311 [Worker-13: reload maven project] INFO  o.e.m.c.i.e.AbstractTransferListenerAdapter - Downloading https://repo.maven.apache.org/maven2/org/springframework/boot/spring-boot-starter-parent/2.6.7/spring-boot-starter-parent-2.6.7.pom
2022-05-19 10:29:27,497 [Worker-13: reload maven project] INFO  o.e.m.c.i.e.AbstractTransferListenerAdapter - Downloading https://repo.maven.apache.org/maven2/org/springframework/boot/spring-boot-starter-parent/2.6.7/spring-boot-starter-parent-2.6.7.pom
2022-05-19 10:29:27,687 [Worker-13: reload maven project] INFO  o.e.m.c.i.e.AbstractTransferListenerAdapter - Downloading https://repo.maven.apache.org/maven2/org/springframework/boot/spring-boot-starter-parent/2.6.7/spring-boot-starter-parent-2.6.7.pom
2022-05-19 10:29:27,879 [Worker-13: reload maven project] INFO  o.e.m.c.i.e.AbstractTransferListenerAdapter - Downloading https://repo.maven.apache.org/maven2/org/springframework/boot/spring-boot-starter-parent/2.6.7/spring-boot-starter-parent-2.6.7.pom
2022-05-19 10:29:28,077 [Worker-13: reload maven project] INFO  o.e.m.c.i.e.AbstractTransferListenerAdapter - Downloading https://repo.maven.apache.org/maven2/org/springframework/boot/spring-boot-starter-parent/2.6.7/spring-boot-starter-parent-2.6.7.pom
2022-05-19 10:29:28,078 [Worker-13: reload maven project] INFO  o.e.m.c.i.e.AbstractTransferListenerAdapter - Downloaded https://repo.maven.apache.org/maven2/org/springframework/boot/spring-boot-starter-parent/2.6.7/spring-boot-starter-parent-2.6.7.pom
2022-05-19 10:29:28,082 [Worker-13: reload maven project] WARN  o.e.a.i.impl.TrackingFileManager - Failed to create parent directories for tracking file C:\Users\ConradMaré\.m2\repository\org\springframework\boot\spring-boot-starter-parent\2.6.7\spring-boot-starter-parent-2.6.7.pom.lastUpdated
2022-05-19 10:29:28,084 [Worker-13: reload maven project] ERROR o.e.m.c.i.p.r.ProjectRegistryManager - Failed to read Maven project: Some problems were encountered while processing the POMs:
[FATAL] Non-resolvable parent POM for com.example:Part2-IntegratedSpring:0.0.1-SNAPSHOT: Could not transfer artifact org.springframework.boot:spring-boot-starter-parent:pom:2.6.7 from/to central (https://repo.maven.apache.org/maven2): C:\Users\ConradMaré\.m2\repository\org\springframework\boot\spring-boot-starter-parent\2.6.7\aether-9649f4a0-1080-4d28-98cd-403b51b757cc-spring-boot-starter-parent-2.6.7.pom-in-progress (The system cannot find the path specified) and 'parent.relativePath' points at no local POM @ line 5, column 10

org.apache.maven.project.ProjectBuildingException: Some problems were encountered while processing the POMs:
[FATAL] Non-resolvable parent POM for com.example:Part2-IntegratedSpring:0.0.1-SNAPSHOT: Could not transfer artifact org.springframework.boot:spring-boot-starter-parent:pom:2.6.7 from/to central (https://repo.maven.apache.org/maven2): C:\Users\ConradMaré\.m2\repository\org\springframework\boot\spring-boot-starter-parent\2.6.7\aether-9649f4a0-1080-4d28-98cd-403b51b757cc-spring-boot-starter-parent-2.6.7.pom-in-progress (The system cannot find the path specified) and 'parent.relativePath' points at no local POM @ line 5, column 10

	at org.eclipse.m2e.core.internal.embedder.MavenImpl.readMavenProjects(MavenImpl.java:696)
	at org.eclipse.m2e.core.internal.project.registry.ProjectRegistryManager.lambda$16(ProjectRegistryManager.java:851)
	at org.eclipse.m2e.core.internal.embedder.MavenExecutionContext.executeBare(MavenExecutionContext.java:182)
	at org.eclipse.m2e.core.internal.embedder.MavenExecutionContext.execute(MavenExecutionContext.java:156)
	at org.eclipse.m2e.core.internal.embedder.MavenExecutionContext.execute(MavenExecutionContext.java:103)
	at org.eclipse.m2e.core.internal.project.registry.ProjectRegistryManager.execute(ProjectRegistryManager.java:1009)
	at org.eclipse.m2e.core.internal.project.registry.ProjectRegistryManager.readProjectsWithDependencies(ProjectRegistryManager.java:847)
	at org.eclipse.m2e.core.internal.project.registry.ProjectRegistryManager.create(ProjectRegistryManager.java:201)
	at org.eclipse.m2e.core.internal.project.registry.MavenProjectManager.create(MavenProjectManager.java:87)
	at org.eclipse.m2e.core.ui.internal.actions.SelectionUtil.getMavenProject(SelectionUtil.java:255)
	at org.eclipse.m2e.editor.pom.MavenPomEditor.readMavenProject(MavenPomEditor.java:659)
	at org.eclipse.m2e.editor.pom.MavenPomEditor$3.run(MavenPomEditor.java:979)
	at org.eclipse.core.internal.jobs.Worker.run(Worker.java:63)
2022-05-19 10:29:53,267 [Worker-14: Updating Maven Project] INFO  o.e.m.c.i.p.ProjectConfigurationManager - Update started
2022-05-19 10:29:53,984 [Worker-14: Updating Maven Project] INFO  o.e.m.c.i.e.AbstractTransferListenerAdapter - Downloading https://repo.maven.apache.org/maven2/org/springframework/boot/spring-boot-starter-parent/2.6.7/spring-boot-starter-parent-2.6.7.pom
2022-05-19 10:29:54,335 [Worker-14: Updating Maven Project] INFO  o.e.m.c.i.e.AbstractTransferListenerAdapter - Downloading https://repo.maven.apache.org/maven2/org/springframework/boot/spring-boot-starter-parent/2.6.7/spring-boot-starter-parent-2.6.7.pom
2022-05-19 10:29:54,530 [Worker-14: Updating Maven Project] INFO  o.e.m.c.i.e.AbstractTransferListenerAdapter - Downloading https://repo.maven.apache.org/maven2/org/springframework/boot/spring-boot-starter-parent/2.6.7/spring-boot-starter-parent-2.6.7.pom
2022-05-19 10:29:54,728 [Worker-14: Updating Maven Project] INFO  o.e.m.c.i.e.AbstractTransferListenerAdapter - Downloading https://repo.maven.apache.org/maven2/org/springframework/boot/spring-boot-starter-parent/2.6.7/spring-boot-starter-parent-2.6.7.pom
2022-05-19 10:29:54,924 [Worker-14: Updating Maven Project] INFO  o.e.m.c.i.e.AbstractTransferListenerAdapter - Downloading https://repo.maven.apache.org/maven2/org/springframework/boot/spring-boot-starter-parent/2.6.7/spring-boot-starter-parent-2.6.7.pom
2022-05-19 10:29:55,131 [Worker-14: Updating Maven Project] INFO  o.e.m.c.i.e.AbstractTransferListenerAdapter - Downloading https://repo.maven.apache.org/maven2/org/springframework/boot/spring-boot-starter-parent/2.6.7/spring-boot-starter-parent-2.6.7.pom
2022-05-19 10:29:55,342 [Worker-14: Updating Maven Project] INFO  o.e.m.c.i.e.AbstractTransferListenerAdapter - Downloading https://repo.maven.apache.org/maven2/org/springframework/boot/spring-boot-starter-parent/2.6.7/spring-boot-starter-parent-2.6.7.pom
2022-05-19 10:29:55,534 [Worker-14: Updating Maven Project] INFO  o.e.m.c.i.e.AbstractTransferListenerAdapter - Downloading https://repo.maven.apache.org/maven2/org/springframework/boot/spring-boot-starter-parent/2.6.7/spring-boot-starter-parent-2.6.7.pom
2022-05-19 10:29:55,729 [Worker-14: Updating Maven Project] INFO  o.e.m.c.i.e.AbstractTransferListenerAdapter - Downloading https://repo.maven.apache.org/maven2/org/springframework/boot/spring-boot-starter-parent/2.6.7/spring-boot-starter-parent-2.6.7.pom
2022-05-19 10:29:55,919 [Worker-14: Updating Maven Project] INFO  o.e.m.c.i.e.AbstractTransferListenerAdapter - Downloading https://repo.maven.apache.org/maven2/org/springframework/boot/spring-boot-starter-parent/2.6.7/spring-boot-starter-parent-2.6.7.pom
2022-05-19 10:29:55,920 [Worker-14: Updating Maven Project] INFO  o.e.m.c.i.e.AbstractTransferListenerAdapter - Downloaded https://repo.maven.apache.org/maven2/org/springframework/boot/spring-boot-starter-parent/2.6.7/spring-boot-starter-parent-2.6.7.pom
2022-05-19 10:29:55,923 [Worker-14: Updating Maven Project] WARN  o.e.a.i.impl.TrackingFileManager - Failed to create parent directories for tracking file C:\Users\ConradMaré\.m2\repository\org\springframework\boot\spring-boot-starter-parent\2.6.7\spring-boot-starter-parent-2.6.7.pom.lastUpdated
2022-05-19 10:29:55,928 [Worker-14: Updating Maven Project] INFO  o.e.m.c.i.p.ProjectConfigurationManager - Update completed: 2 sec
