2022-05-22 00:47:52,246 [Worker-1: Loading available Gradle versions] INFO  o.e.b.c.i.u.g.PublishedGradleVersions - Gradle version information cache is not available. Remote download required.
2022-05-22 00:47:53,853 [Worker-1: Loading available Gradle versions] ERROR o.e.b.c.i.u.g.PublishedGradleVersions - Cannot write Gradle version information cache file.
java.io.FileNotFoundException: C:\Users\ConradMaré\.cache\tooling\gradle\versions.json (The system cannot find the path specified)
	at java.base/java.io.FileOutputStream.open0(Native Method)
	at java.base/java.io.FileOutputStream.open(FileOutputStream.java:293)
	at java.base/java.io.FileOutputStream.<init>(FileOutputStream.java:235)
	at com.google.common.io.Files$FileByteSink.openStream(Files.java:193)
	at com.google.common.io.Files$FileByteSink.openStream(Files.java:181)
	at com.google.common.io.ByteSink$AsCharSink.openStream(ByteSink.java:149)
	at com.google.common.io.CharSource$StringCharSource.copyTo(CharSource.java:648)
	at org.eclipse.buildship.core.internal.util.gradle.PublishedGradleVersions.storeCacheVersionsFile(PublishedGradleVersions.java:184)
	at org.eclipse.buildship.core.internal.util.gradle.PublishedGradleVersions.tryToDownloadAndCacheVersions(PublishedGradleVersions.java:150)
	at org.eclipse.buildship.core.internal.util.gradle.PublishedGradleVersions.create(PublishedGradleVersions.java:109)
	at org.eclipse.buildship.core.internal.util.gradle.PublishedGradleVersionsWrapper$LoadVersionsJob.run(PublishedGradleVersionsWrapper.java:60)
	at org.eclipse.core.internal.jobs.Worker.run(Worker.java:63)
2022-05-22 00:52:19,236 [Worker-3: Importing Maven projects] INFO  o.e.m.c.i.e.AbstractTransferListenerAdapter - Downloaded https://repo.spring.io/milestone/org/springframework/boot/spring-boot-starter-parent/2.5.3/spring-boot-starter-parent-2.5.3.pom
2022-05-22 00:52:19,243 [Worker-3: Importing Maven projects] WARN  o.e.a.i.impl.TrackingFileManager - Failed to create parent directories for tracking file C:\Users\ConradMaré\.m2\repository\org\springframework\boot\spring-boot-starter-parent\2.5.3\spring-boot-starter-parent-2.5.3.pom.lastUpdated
2022-05-22 00:52:20,382 [Worker-3: Importing Maven projects] INFO  o.e.m.c.i.e.AbstractTransferListenerAdapter - Downloading https://repo.maven.apache.org/maven2/org/springframework/boot/spring-boot-starter-parent/2.5.3/spring-boot-starter-parent-2.5.3.pom
2022-05-22 00:52:20,567 [Worker-3: Importing Maven projects] INFO  o.e.m.c.i.e.AbstractTransferListenerAdapter - Downloading https://repo.maven.apache.org/maven2/org/springframework/boot/spring-boot-starter-parent/2.5.3/spring-boot-starter-parent-2.5.3.pom
2022-05-22 00:52:20,747 [Worker-3: Importing Maven projects] INFO  o.e.m.c.i.e.AbstractTransferListenerAdapter - Downloading https://repo.maven.apache.org/maven2/org/springframework/boot/spring-boot-starter-parent/2.5.3/spring-boot-starter-parent-2.5.3.pom
2022-05-22 00:52:20,929 [Worker-3: Importing Maven projects] INFO  o.e.m.c.i.e.AbstractTransferListenerAdapter - Downloading https://repo.maven.apache.org/maven2/org/springframework/boot/spring-boot-starter-parent/2.5.3/spring-boot-starter-parent-2.5.3.pom
2022-05-22 00:52:21,108 [Worker-3: Importing Maven projects] INFO  o.e.m.c.i.e.AbstractTransferListenerAdapter - Downloading https://repo.maven.apache.org/maven2/org/springframework/boot/spring-boot-starter-parent/2.5.3/spring-boot-starter-parent-2.5.3.pom
2022-05-22 00:52:21,292 [Worker-3: Importing Maven projects] INFO  o.e.m.c.i.e.AbstractTransferListenerAdapter - Downloading https://repo.maven.apache.org/maven2/org/springframework/boot/spring-boot-starter-parent/2.5.3/spring-boot-starter-parent-2.5.3.pom
2022-05-22 00:52:21,485 [Worker-3: Importing Maven projects] INFO  o.e.m.c.i.e.AbstractTransferListenerAdapter - Downloading https://repo.maven.apache.org/maven2/org/springframework/boot/spring-boot-starter-parent/2.5.3/spring-boot-starter-parent-2.5.3.pom
2022-05-22 00:52:21,678 [Worker-3: Importing Maven projects] INFO  o.e.m.c.i.e.AbstractTransferListenerAdapter - Downloading https://repo.maven.apache.org/maven2/org/springframework/boot/spring-boot-starter-parent/2.5.3/spring-boot-starter-parent-2.5.3.pom
2022-05-22 00:52:21,857 [Worker-3: Importing Maven projects] INFO  o.e.m.c.i.e.AbstractTransferListenerAdapter - Downloading https://repo.maven.apache.org/maven2/org/springframework/boot/spring-boot-starter-parent/2.5.3/spring-boot-starter-parent-2.5.3.pom
2022-05-22 00:52:22,038 [Worker-3: Importing Maven projects] INFO  o.e.m.c.i.e.AbstractTransferListenerAdapter - Downloading https://repo.maven.apache.org/maven2/org/springframework/boot/spring-boot-starter-parent/2.5.3/spring-boot-starter-parent-2.5.3.pom
2022-05-22 00:52:22,039 [Worker-3: Importing Maven projects] INFO  o.e.m.c.i.e.AbstractTransferListenerAdapter - Downloaded https://repo.maven.apache.org/maven2/org/springframework/boot/spring-boot-starter-parent/2.5.3/spring-boot-starter-parent-2.5.3.pom
2022-05-22 00:52:22,042 [Worker-3: Importing Maven projects] WARN  o.e.a.i.impl.TrackingFileManager - Failed to create parent directories for tracking file C:\Users\ConradMaré\.m2\repository\org\springframework\boot\spring-boot-starter-parent\2.5.3\spring-boot-starter-parent-2.5.3.pom.lastUpdated
2022-05-22 00:52:22,266 [Worker-3: Importing Maven projects] INFO  o.e.m.c.i.p.ProjectConfigurationManager - Imported and configured 1 project(s) in 4 sec
2022-05-22 00:52:23,477 [Worker-3: Building] INFO  o.e.m.c.i.e.AbstractTransferListenerAdapter - Downloaded https://repo.spring.io/milestone/org/springframework/boot/spring-boot-starter-parent/2.5.3/spring-boot-starter-parent-2.5.3.pom
2022-05-22 00:52:23,479 [Worker-3: Building] WARN  o.e.a.i.impl.TrackingFileManager - Failed to create parent directories for tracking file C:\Users\ConradMaré\.m2\repository\org\springframework\boot\spring-boot-starter-parent\2.5.3\spring-boot-starter-parent-2.5.3.pom.lastUpdated
2022-05-22 00:52:24,160 [Worker-3: Building] INFO  o.e.m.c.i.e.AbstractTransferListenerAdapter - Downloading https://repo.maven.apache.org/maven2/org/springframework/boot/spring-boot-starter-parent/2.5.3/spring-boot-starter-parent-2.5.3.pom
2022-05-22 00:52:24,491 [Worker-3: Building] INFO  o.e.m.c.i.e.AbstractTransferListenerAdapter - Downloading https://repo.maven.apache.org/maven2/org/springframework/boot/spring-boot-starter-parent/2.5.3/spring-boot-starter-parent-2.5.3.pom
2022-05-22 00:52:24,661 [Worker-3: Building] INFO  o.e.m.c.i.e.AbstractTransferListenerAdapter - Downloading https://repo.maven.apache.org/maven2/org/springframework/boot/spring-boot-starter-parent/2.5.3/spring-boot-starter-parent-2.5.3.pom
2022-05-22 00:52:24,833 [Worker-3: Building] INFO  o.e.m.c.i.e.AbstractTransferListenerAdapter - Downloading https://repo.maven.apache.org/maven2/org/springframework/boot/spring-boot-starter-parent/2.5.3/spring-boot-starter-parent-2.5.3.pom
2022-05-22 00:52:25,008 [Worker-3: Building] INFO  o.e.m.c.i.e.AbstractTransferListenerAdapter - Downloading https://repo.maven.apache.org/maven2/org/springframework/boot/spring-boot-starter-parent/2.5.3/spring-boot-starter-parent-2.5.3.pom
2022-05-22 00:52:25,178 [Worker-3: Building] INFO  o.e.m.c.i.e.AbstractTransferListenerAdapter - Downloading https://repo.maven.apache.org/maven2/org/springframework/boot/spring-boot-starter-parent/2.5.3/spring-boot-starter-parent-2.5.3.pom
2022-05-22 00:52:25,347 [Worker-3: Building] INFO  o.e.m.c.i.e.AbstractTransferListenerAdapter - Downloading https://repo.maven.apache.org/maven2/org/springframework/boot/spring-boot-starter-parent/2.5.3/spring-boot-starter-parent-2.5.3.pom
2022-05-22 00:52:25,519 [Worker-3: Building] INFO  o.e.m.c.i.e.AbstractTransferListenerAdapter - Downloading https://repo.maven.apache.org/maven2/org/springframework/boot/spring-boot-starter-parent/2.5.3/spring-boot-starter-parent-2.5.3.pom
2022-05-22 00:52:25,688 [Worker-3: Building] INFO  o.e.m.c.i.e.AbstractTransferListenerAdapter - Downloading https://repo.maven.apache.org/maven2/org/springframework/boot/spring-boot-starter-parent/2.5.3/spring-boot-starter-parent-2.5.3.pom
2022-05-22 00:52:25,860 [Worker-3: Building] INFO  o.e.m.c.i.e.AbstractTransferListenerAdapter - Downloading https://repo.maven.apache.org/maven2/org/springframework/boot/spring-boot-starter-parent/2.5.3/spring-boot-starter-parent-2.5.3.pom
2022-05-22 00:52:25,862 [Worker-3: Building] INFO  o.e.m.c.i.e.AbstractTransferListenerAdapter - Downloaded https://repo.maven.apache.org/maven2/org/springframework/boot/spring-boot-starter-parent/2.5.3/spring-boot-starter-parent-2.5.3.pom
2022-05-22 00:52:25,865 [Worker-3: Building] WARN  o.e.a.i.impl.TrackingFileManager - Failed to create parent directories for tracking file C:\Users\ConradMaré\.m2\repository\org\springframework\boot\spring-boot-starter-parent\2.5.3\spring-boot-starter-parent-2.5.3.pom.lastUpdated
2022-05-22 00:52:34,928 [Worker-9: reload maven project] INFO  o.e.m.c.i.e.AbstractTransferListenerAdapter - Downloaded https://repo.spring.io/milestone/org/springframework/boot/spring-boot-starter-parent/2.5.3/spring-boot-starter-parent-2.5.3.pom
2022-05-22 00:52:34,932 [Worker-9: reload maven project] WARN  o.e.a.i.impl.TrackingFileManager - Failed to create parent directories for tracking file C:\Users\ConradMaré\.m2\repository\org\springframework\boot\spring-boot-starter-parent\2.5.3\spring-boot-starter-parent-2.5.3.pom.lastUpdated
2022-05-22 00:52:35,676 [Worker-9: reload maven project] INFO  o.e.m.c.i.e.AbstractTransferListenerAdapter - Downloading https://repo.maven.apache.org/maven2/org/springframework/boot/spring-boot-starter-parent/2.5.3/spring-boot-starter-parent-2.5.3.pom
2022-05-22 00:52:35,860 [Worker-9: reload maven project] INFO  o.e.m.c.i.e.AbstractTransferListenerAdapter - Downloading https://repo.maven.apache.org/maven2/org/springframework/boot/spring-boot-starter-parent/2.5.3/spring-boot-starter-parent-2.5.3.pom
2022-05-22 00:52:36,043 [Worker-9: reload maven project] INFO  o.e.m.c.i.e.AbstractTransferListenerAdapter - Downloading https://repo.maven.apache.org/maven2/org/springframework/boot/spring-boot-starter-parent/2.5.3/spring-boot-starter-parent-2.5.3.pom
2022-05-22 00:52:36,242 [Worker-9: reload maven project] INFO  o.e.m.c.i.e.AbstractTransferListenerAdapter - Downloading https://repo.maven.apache.org/maven2/org/springframework/boot/spring-boot-starter-parent/2.5.3/spring-boot-starter-parent-2.5.3.pom
2022-05-22 00:52:36,438 [Worker-9: reload maven project] INFO  o.e.m.c.i.e.AbstractTransferListenerAdapter - Downloading https://repo.maven.apache.org/maven2/org/springframework/boot/spring-boot-starter-parent/2.5.3/spring-boot-starter-parent-2.5.3.pom
2022-05-22 00:52:36,632 [Worker-9: reload maven project] INFO  o.e.m.c.i.e.AbstractTransferListenerAdapter - Downloading https://repo.maven.apache.org/maven2/org/springframework/boot/spring-boot-starter-parent/2.5.3/spring-boot-starter-parent-2.5.3.pom
2022-05-22 00:52:36,831 [Worker-9: reload maven project] INFO  o.e.m.c.i.e.AbstractTransferListenerAdapter - Downloading https://repo.maven.apache.org/maven2/org/springframework/boot/spring-boot-starter-parent/2.5.3/spring-boot-starter-parent-2.5.3.pom
2022-05-22 00:52:37,032 [Worker-9: reload maven project] INFO  o.e.m.c.i.e.AbstractTransferListenerAdapter - Downloading https://repo.maven.apache.org/maven2/org/springframework/boot/spring-boot-starter-parent/2.5.3/spring-boot-starter-parent-2.5.3.pom
2022-05-22 00:52:37,234 [Worker-9: reload maven project] INFO  o.e.m.c.i.e.AbstractTransferListenerAdapter - Downloading https://repo.maven.apache.org/maven2/org/springframework/boot/spring-boot-starter-parent/2.5.3/spring-boot-starter-parent-2.5.3.pom
2022-05-22 00:52:37,436 [Worker-9: reload maven project] INFO  o.e.m.c.i.e.AbstractTransferListenerAdapter - Downloading https://repo.maven.apache.org/maven2/org/springframework/boot/spring-boot-starter-parent/2.5.3/spring-boot-starter-parent-2.5.3.pom
2022-05-22 00:52:37,439 [Worker-9: reload maven project] INFO  o.e.m.c.i.e.AbstractTransferListenerAdapter - Downloaded https://repo.maven.apache.org/maven2/org/springframework/boot/spring-boot-starter-parent/2.5.3/spring-boot-starter-parent-2.5.3.pom
2022-05-22 00:52:37,458 [Worker-9: reload maven project] WARN  o.e.a.i.impl.TrackingFileManager - Failed to create parent directories for tracking file C:\Users\ConradMaré\.m2\repository\org\springframework\boot\spring-boot-starter-parent\2.5.3\spring-boot-starter-parent-2.5.3.pom.lastUpdated
2022-05-22 00:52:37,461 [Worker-9: reload maven project] ERROR o.e.m.c.i.p.r.ProjectRegistryManager - Failed to read Maven project: Some problems were encountered while processing the POMs:
[FATAL] Non-resolvable parent POM for sia:taco-cloud:0.0.6-SNAPSHOT: Could not transfer artifact org.springframework.boot:spring-boot-starter-parent:pom:2.5.3 from/to central (https://repo.maven.apache.org/maven2): C:\Users\ConradMaré\.m2\repository\org\springframework\boot\spring-boot-starter-parent\2.5.3\aether-c9d16087-61d8-4a56-993e-87af9f56e519-spring-boot-starter-parent-2.5.3.pom-in-progress (The system cannot find the path specified) and 'parent.relativePath' points at no local POM @ line 15, column 10

org.apache.maven.project.ProjectBuildingException: Some problems were encountered while processing the POMs:
[FATAL] Non-resolvable parent POM for sia:taco-cloud:0.0.6-SNAPSHOT: Could not transfer artifact org.springframework.boot:spring-boot-starter-parent:pom:2.5.3 from/to central (https://repo.maven.apache.org/maven2): C:\Users\ConradMaré\.m2\repository\org\springframework\boot\spring-boot-starter-parent\2.5.3\aether-c9d16087-61d8-4a56-993e-87af9f56e519-spring-boot-starter-parent-2.5.3.pom-in-progress (The system cannot find the path specified) and 'parent.relativePath' points at no local POM @ line 15, column 10

	at org.eclipse.m2e.core.internal.embedder.MavenImpl.readMavenProjects(MavenImpl.java:696)
	at org.eclipse.m2e.core.internal.project.registry.ProjectRegistryManager.lambda$16(ProjectRegistryManager.java:851)
	at org.eclipse.m2e.core.internal.embedder.MavenExecutionContext.executeBare(MavenExecutionContext.java:182)
	at org.eclipse.m2e.core.internal.embedder.MavenExecutionContext.execute(MavenExecutionContext.java:156)
	at org.eclipse.m2e.core.internal.embedder.MavenExecutionContext.execute(MavenExecutionContext.java:103)
	at org.eclipse.m2e.core.internal.project.registry.ProjectRegistryManager.execute(ProjectRegistryManager.java:1009)
	at org.eclipse.m2e.core.internal.project.registry.ProjectRegistryManager.readProjectsWithDependencies(ProjectRegistryManager.java:847)
	at org.eclipse.m2e.core.internal.project.registry.ProjectRegistryManager.create(ProjectRegistryManager.java:201)
	at org.eclipse.m2e.core.internal.project.registry.MavenProjectManager.create(MavenProjectManager.java:87)
	at org.eclipse.m2e.core.ui.internal.actions.SelectionUtil.getMavenProject(SelectionUtil.java:255)
	at org.eclipse.m2e.editor.pom.MavenPomEditor.readMavenProject(MavenPomEditor.java:659)
	at org.eclipse.m2e.editor.pom.MavenPomEditor$3.run(MavenPomEditor.java:979)
	at org.eclipse.core.internal.jobs.Worker.run(Worker.java:63)
2022-05-22 00:53:26,725 [Worker-0: Updating Maven Project] INFO  o.e.m.c.i.p.ProjectConfigurationManager - Update started
2022-05-22 00:53:28,130 [Worker-0: Updating Maven Project] INFO  o.e.m.c.i.e.AbstractTransferListenerAdapter - Downloaded https://repo.spring.io/milestone/org/springframework/boot/spring-boot-starter-parent/2.5.3/spring-boot-starter-parent-2.5.3.pom
2022-05-22 00:53:28,132 [Worker-0: Updating Maven Project] WARN  o.e.a.i.impl.TrackingFileManager - Failed to create parent directories for tracking file C:\Users\ConradMaré\.m2\repository\org\springframework\boot\spring-boot-starter-parent\2.5.3\spring-boot-starter-parent-2.5.3.pom.lastUpdated
2022-05-22 00:53:28,837 [Worker-0: Updating Maven Project] INFO  o.e.m.c.i.e.AbstractTransferListenerAdapter - Downloading https://repo.maven.apache.org/maven2/org/springframework/boot/spring-boot-starter-parent/2.5.3/spring-boot-starter-parent-2.5.3.pom
2022-05-22 00:53:29,008 [Worker-0: Updating Maven Project] INFO  o.e.m.c.i.e.AbstractTransferListenerAdapter - Downloading https://repo.maven.apache.org/maven2/org/springframework/boot/spring-boot-starter-parent/2.5.3/spring-boot-starter-parent-2.5.3.pom
2022-05-22 00:53:29,178 [Worker-0: Updating Maven Project] INFO  o.e.m.c.i.e.AbstractTransferListenerAdapter - Downloading https://repo.maven.apache.org/maven2/org/springframework/boot/spring-boot-starter-parent/2.5.3/spring-boot-starter-parent-2.5.3.pom
2022-05-22 00:53:29,348 [Worker-0: Updating Maven Project] INFO  o.e.m.c.i.e.AbstractTransferListenerAdapter - Downloading https://repo.maven.apache.org/maven2/org/springframework/boot/spring-boot-starter-parent/2.5.3/spring-boot-starter-parent-2.5.3.pom
2022-05-22 00:53:29,519 [Worker-0: Updating Maven Project] INFO  o.e.m.c.i.e.AbstractTransferListenerAdapter - Downloading https://repo.maven.apache.org/maven2/org/springframework/boot/spring-boot-starter-parent/2.5.3/spring-boot-starter-parent-2.5.3.pom
2022-05-22 00:53:29,689 [Worker-0: Updating Maven Project] INFO  o.e.m.c.i.e.AbstractTransferListenerAdapter - Downloading https://repo.maven.apache.org/maven2/org/springframework/boot/spring-boot-starter-parent/2.5.3/spring-boot-starter-parent-2.5.3.pom
2022-05-22 00:53:29,860 [Worker-0: Updating Maven Project] INFO  o.e.m.c.i.e.AbstractTransferListenerAdapter - Downloading https://repo.maven.apache.org/maven2/org/springframework/boot/spring-boot-starter-parent/2.5.3/spring-boot-starter-parent-2.5.3.pom
2022-05-22 00:53:30,034 [Worker-0: Updating Maven Project] INFO  o.e.m.c.i.e.AbstractTransferListenerAdapter - Downloading https://repo.maven.apache.org/maven2/org/springframework/boot/spring-boot-starter-parent/2.5.3/spring-boot-starter-parent-2.5.3.pom
2022-05-22 00:53:30,203 [Worker-0: Updating Maven Project] INFO  o.e.m.c.i.e.AbstractTransferListenerAdapter - Downloading https://repo.maven.apache.org/maven2/org/springframework/boot/spring-boot-starter-parent/2.5.3/spring-boot-starter-parent-2.5.3.pom
2022-05-22 00:53:30,373 [Worker-0: Updating Maven Project] INFO  o.e.m.c.i.e.AbstractTransferListenerAdapter - Downloading https://repo.maven.apache.org/maven2/org/springframework/boot/spring-boot-starter-parent/2.5.3/spring-boot-starter-parent-2.5.3.pom
2022-05-22 00:53:30,374 [Worker-0: Updating Maven Project] INFO  o.e.m.c.i.e.AbstractTransferListenerAdapter - Downloaded https://repo.maven.apache.org/maven2/org/springframework/boot/spring-boot-starter-parent/2.5.3/spring-boot-starter-parent-2.5.3.pom
2022-05-22 00:53:30,378 [Worker-0: Updating Maven Project] WARN  o.e.a.i.impl.TrackingFileManager - Failed to create parent directories for tracking file C:\Users\ConradMaré\.m2\repository\org\springframework\boot\spring-boot-starter-parent\2.5.3\spring-boot-starter-parent-2.5.3.pom.lastUpdated
2022-05-22 00:53:30,384 [Worker-0: Updating Maven Project] INFO  o.e.m.c.i.p.ProjectConfigurationManager - Update completed: 3 sec
2022-05-22 00:54:55,908 [Worker-3: Building] INFO  o.e.m.c.i.e.AbstractTransferListenerAdapter - Downloaded https://repo.spring.io/milestone/org/springframework/boot/spring-boot-starter-parent/2.5.3/spring-boot-starter-parent-2.5.3.pom
2022-05-22 00:54:55,912 [Worker-3: Building] WARN  o.e.a.i.impl.TrackingFileManager - Failed to create parent directories for tracking file C:\Users\ConradMaré\.m2\repository\org\springframework\boot\spring-boot-starter-parent\2.5.3\spring-boot-starter-parent-2.5.3.pom.lastUpdated
2022-05-22 00:54:56,632 [Worker-3: Building] INFO  o.e.m.c.i.e.AbstractTransferListenerAdapter - Downloading https://repo.maven.apache.org/maven2/org/springframework/boot/spring-boot-starter-parent/2.5.3/spring-boot-starter-parent-2.5.3.pom
2022-05-22 00:54:56,972 [Worker-3: Building] INFO  o.e.m.c.i.e.AbstractTransferListenerAdapter - Downloading https://repo.maven.apache.org/maven2/org/springframework/boot/spring-boot-starter-parent/2.5.3/spring-boot-starter-parent-2.5.3.pom
2022-05-22 00:54:57,149 [Worker-3: Building] INFO  o.e.m.c.i.e.AbstractTransferListenerAdapter - Downloading https://repo.maven.apache.org/maven2/org/springframework/boot/spring-boot-starter-parent/2.5.3/spring-boot-starter-parent-2.5.3.pom
2022-05-22 00:54:57,323 [Worker-3: Building] INFO  o.e.m.c.i.e.AbstractTransferListenerAdapter - Downloading https://repo.maven.apache.org/maven2/org/springframework/boot/spring-boot-starter-parent/2.5.3/spring-boot-starter-parent-2.5.3.pom
2022-05-22 00:54:57,498 [Worker-3: Building] INFO  o.e.m.c.i.e.AbstractTransferListenerAdapter - Downloading https://repo.maven.apache.org/maven2/org/springframework/boot/spring-boot-starter-parent/2.5.3/spring-boot-starter-parent-2.5.3.pom
2022-05-22 00:54:57,673 [Worker-3: Building] INFO  o.e.m.c.i.e.AbstractTransferListenerAdapter - Downloading https://repo.maven.apache.org/maven2/org/springframework/boot/spring-boot-starter-parent/2.5.3/spring-boot-starter-parent-2.5.3.pom
2022-05-22 00:54:57,848 [Worker-3: Building] INFO  o.e.m.c.i.e.AbstractTransferListenerAdapter - Downloading https://repo.maven.apache.org/maven2/org/springframework/boot/spring-boot-starter-parent/2.5.3/spring-boot-starter-parent-2.5.3.pom
2022-05-22 00:54:58,023 [Worker-3: Building] INFO  o.e.m.c.i.e.AbstractTransferListenerAdapter - Downloading https://repo.maven.apache.org/maven2/org/springframework/boot/spring-boot-starter-parent/2.5.3/spring-boot-starter-parent-2.5.3.pom
2022-05-22 00:54:58,197 [Worker-3: Building] INFO  o.e.m.c.i.e.AbstractTransferListenerAdapter - Downloading https://repo.maven.apache.org/maven2/org/springframework/boot/spring-boot-starter-parent/2.5.3/spring-boot-starter-parent-2.5.3.pom
2022-05-22 00:54:58,372 [Worker-3: Building] INFO  o.e.m.c.i.e.AbstractTransferListenerAdapter - Downloading https://repo.maven.apache.org/maven2/org/springframework/boot/spring-boot-starter-parent/2.5.3/spring-boot-starter-parent-2.5.3.pom
2022-05-22 00:54:58,374 [Worker-3: Building] INFO  o.e.m.c.i.e.AbstractTransferListenerAdapter - Downloaded https://repo.maven.apache.org/maven2/org/springframework/boot/spring-boot-starter-parent/2.5.3/spring-boot-starter-parent-2.5.3.pom
2022-05-22 00:54:58,377 [Worker-3: Building] WARN  o.e.a.i.impl.TrackingFileManager - Failed to create parent directories for tracking file C:\Users\ConradMaré\.m2\repository\org\springframework\boot\spring-boot-starter-parent\2.5.3\spring-boot-starter-parent-2.5.3.pom.lastUpdated
2022-05-22 00:55:26,088 [Worker-3: Importing Maven projects] INFO  o.e.m.c.i.e.AbstractTransferListenerAdapter - Downloaded https://repo.spring.io/milestone/org/springframework/boot/spring-boot-starter-parent/2.5.3/spring-boot-starter-parent-2.5.3.pom
2022-05-22 00:55:26,091 [Worker-3: Importing Maven projects] WARN  o.e.a.i.impl.TrackingFileManager - Failed to create parent directories for tracking file C:\Users\ConradMaré\.m2\repository\org\springframework\boot\spring-boot-starter-parent\2.5.3\spring-boot-starter-parent-2.5.3.pom.lastUpdated
2022-05-22 00:55:26,861 [Worker-3: Importing Maven projects] INFO  o.e.m.c.i.e.AbstractTransferListenerAdapter - Downloading https://repo.maven.apache.org/maven2/org/springframework/boot/spring-boot-starter-parent/2.5.3/spring-boot-starter-parent-2.5.3.pom
2022-05-22 00:55:27,210 [Worker-3: Importing Maven projects] INFO  o.e.m.c.i.e.AbstractTransferListenerAdapter - Downloading https://repo.maven.apache.org/maven2/org/springframework/boot/spring-boot-starter-parent/2.5.3/spring-boot-starter-parent-2.5.3.pom
2022-05-22 00:55:27,387 [Worker-3: Importing Maven projects] INFO  o.e.m.c.i.e.AbstractTransferListenerAdapter - Downloading https://repo.maven.apache.org/maven2/org/springframework/boot/spring-boot-starter-parent/2.5.3/spring-boot-starter-parent-2.5.3.pom
2022-05-22 00:55:27,568 [Worker-3: Importing Maven projects] INFO  o.e.m.c.i.e.AbstractTransferListenerAdapter - Downloading https://repo.maven.apache.org/maven2/org/springframework/boot/spring-boot-starter-parent/2.5.3/spring-boot-starter-parent-2.5.3.pom
2022-05-22 00:55:27,754 [Worker-3: Importing Maven projects] INFO  o.e.m.c.i.e.AbstractTransferListenerAdapter - Downloading https://repo.maven.apache.org/maven2/org/springframework/boot/spring-boot-starter-parent/2.5.3/spring-boot-starter-parent-2.5.3.pom
2022-05-22 00:55:27,934 [Worker-3: Importing Maven projects] INFO  o.e.m.c.i.e.AbstractTransferListenerAdapter - Downloading https://repo.maven.apache.org/maven2/org/springframework/boot/spring-boot-starter-parent/2.5.3/spring-boot-starter-parent-2.5.3.pom
2022-05-22 00:55:28,122 [Worker-3: Importing Maven projects] INFO  o.e.m.c.i.e.AbstractTransferListenerAdapter - Downloading https://repo.maven.apache.org/maven2/org/springframework/boot/spring-boot-starter-parent/2.5.3/spring-boot-starter-parent-2.5.3.pom
2022-05-22 00:55:28,303 [Worker-3: Importing Maven projects] INFO  o.e.m.c.i.e.AbstractTransferListenerAdapter - Downloading https://repo.maven.apache.org/maven2/org/springframework/boot/spring-boot-starter-parent/2.5.3/spring-boot-starter-parent-2.5.3.pom
2022-05-22 00:55:28,489 [Worker-3: Importing Maven projects] INFO  o.e.m.c.i.e.AbstractTransferListenerAdapter - Downloading https://repo.maven.apache.org/maven2/org/springframework/boot/spring-boot-starter-parent/2.5.3/spring-boot-starter-parent-2.5.3.pom
2022-05-22 00:55:28,671 [Worker-3: Importing Maven projects] INFO  o.e.m.c.i.e.AbstractTransferListenerAdapter - Downloading https://repo.maven.apache.org/maven2/org/springframework/boot/spring-boot-starter-parent/2.5.3/spring-boot-starter-parent-2.5.3.pom
2022-05-22 00:55:28,676 [Worker-3: Importing Maven projects] INFO  o.e.m.c.i.e.AbstractTransferListenerAdapter - Downloaded https://repo.maven.apache.org/maven2/org/springframework/boot/spring-boot-starter-parent/2.5.3/spring-boot-starter-parent-2.5.3.pom
2022-05-22 00:55:28,678 [Worker-3: Importing Maven projects] WARN  o.e.a.i.impl.TrackingFileManager - Failed to create parent directories for tracking file C:\Users\ConradMaré\.m2\repository\org\springframework\boot\spring-boot-starter-parent\2.5.3\spring-boot-starter-parent-2.5.3.pom.lastUpdated
2022-05-22 00:55:28,939 [Worker-3: Importing Maven projects] INFO  o.e.m.c.i.e.AbstractTransferListenerAdapter - Downloaded https://repo.spring.io/milestone/org/springframework/boot/spring-boot-starter-parent/2.5.3/spring-boot-starter-parent-2.5.3.pom
2022-05-22 00:55:28,942 [Worker-3: Importing Maven projects] WARN  o.e.a.i.impl.TrackingFileManager - Failed to create parent directories for tracking file C:\Users\ConradMaré\.m2\repository\org\springframework\boot\spring-boot-starter-parent\2.5.3\spring-boot-starter-parent-2.5.3.pom.lastUpdated
2022-05-22 00:55:29,123 [Worker-3: Importing Maven projects] INFO  o.e.m.c.i.e.AbstractTransferListenerAdapter - Downloading https://repo.maven.apache.org/maven2/org/springframework/boot/spring-boot-starter-parent/2.5.3/spring-boot-starter-parent-2.5.3.pom
2022-05-22 00:55:29,303 [Worker-3: Importing Maven projects] INFO  o.e.m.c.i.e.AbstractTransferListenerAdapter - Downloading https://repo.maven.apache.org/maven2/org/springframework/boot/spring-boot-starter-parent/2.5.3/spring-boot-starter-parent-2.5.3.pom
2022-05-22 00:55:29,483 [Worker-3: Importing Maven projects] INFO  o.e.m.c.i.e.AbstractTransferListenerAdapter - Downloading https://repo.maven.apache.org/maven2/org/springframework/boot/spring-boot-starter-parent/2.5.3/spring-boot-starter-parent-2.5.3.pom
2022-05-22 00:55:29,664 [Worker-3: Importing Maven projects] INFO  o.e.m.c.i.e.AbstractTransferListenerAdapter - Downloading https://repo.maven.apache.org/maven2/org/springframework/boot/spring-boot-starter-parent/2.5.3/spring-boot-starter-parent-2.5.3.pom
2022-05-22 00:55:29,843 [Worker-3: Importing Maven projects] INFO  o.e.m.c.i.e.AbstractTransferListenerAdapter - Downloading https://repo.maven.apache.org/maven2/org/springframework/boot/spring-boot-starter-parent/2.5.3/spring-boot-starter-parent-2.5.3.pom
2022-05-22 00:55:30,025 [Worker-3: Importing Maven projects] INFO  o.e.m.c.i.e.AbstractTransferListenerAdapter - Downloading https://repo.maven.apache.org/maven2/org/springframework/boot/spring-boot-starter-parent/2.5.3/spring-boot-starter-parent-2.5.3.pom
2022-05-22 00:55:30,204 [Worker-3: Importing Maven projects] INFO  o.e.m.c.i.e.AbstractTransferListenerAdapter - Downloading https://repo.maven.apache.org/maven2/org/springframework/boot/spring-boot-starter-parent/2.5.3/spring-boot-starter-parent-2.5.3.pom
2022-05-22 00:55:30,385 [Worker-3: Importing Maven projects] INFO  o.e.m.c.i.e.AbstractTransferListenerAdapter - Downloading https://repo.maven.apache.org/maven2/org/springframework/boot/spring-boot-starter-parent/2.5.3/spring-boot-starter-parent-2.5.3.pom
2022-05-22 00:55:30,568 [Worker-3: Importing Maven projects] INFO  o.e.m.c.i.e.AbstractTransferListenerAdapter - Downloading https://repo.maven.apache.org/maven2/org/springframework/boot/spring-boot-starter-parent/2.5.3/spring-boot-starter-parent-2.5.3.pom
2022-05-22 00:55:30,754 [Worker-3: Importing Maven projects] INFO  o.e.m.c.i.e.AbstractTransferListenerAdapter - Downloading https://repo.maven.apache.org/maven2/org/springframework/boot/spring-boot-starter-parent/2.5.3/spring-boot-starter-parent-2.5.3.pom
2022-05-22 00:55:30,756 [Worker-3: Importing Maven projects] INFO  o.e.m.c.i.e.AbstractTransferListenerAdapter - Downloaded https://repo.maven.apache.org/maven2/org/springframework/boot/spring-boot-starter-parent/2.5.3/spring-boot-starter-parent-2.5.3.pom
2022-05-22 00:55:30,759 [Worker-3: Importing Maven projects] WARN  o.e.a.i.impl.TrackingFileManager - Failed to create parent directories for tracking file C:\Users\ConradMaré\.m2\repository\org\springframework\boot\spring-boot-starter-parent\2.5.3\spring-boot-starter-parent-2.5.3.pom.lastUpdated
2022-05-22 00:55:30,812 [Worker-3: Importing Maven projects] INFO  o.e.m.c.i.p.ProjectConfigurationManager - Imported and configured 2 project(s) in 6 sec
2022-05-22 00:55:32,283 [Worker-12: Building] INFO  o.e.m.c.i.e.AbstractTransferListenerAdapter - Downloaded https://repo.spring.io/milestone/org/springframework/boot/spring-boot-starter-parent/2.5.3/spring-boot-starter-parent-2.5.3.pom
2022-05-22 00:55:32,287 [Worker-12: Building] WARN  o.e.a.i.impl.TrackingFileManager - Failed to create parent directories for tracking file C:\Users\ConradMaré\.m2\repository\org\springframework\boot\spring-boot-starter-parent\2.5.3\spring-boot-starter-parent-2.5.3.pom.lastUpdated
2022-05-22 00:55:33,002 [Worker-12: Building] INFO  o.e.m.c.i.e.AbstractTransferListenerAdapter - Downloading https://repo.maven.apache.org/maven2/org/springframework/boot/spring-boot-starter-parent/2.5.3/spring-boot-starter-parent-2.5.3.pom
2022-05-22 00:55:33,350 [Worker-12: Building] INFO  o.e.m.c.i.e.AbstractTransferListenerAdapter - Downloading https://repo.maven.apache.org/maven2/org/springframework/boot/spring-boot-starter-parent/2.5.3/spring-boot-starter-parent-2.5.3.pom
2022-05-22 00:55:33,533 [Worker-12: Building] INFO  o.e.m.c.i.e.AbstractTransferListenerAdapter - Downloading https://repo.maven.apache.org/maven2/org/springframework/boot/spring-boot-starter-parent/2.5.3/spring-boot-starter-parent-2.5.3.pom
2022-05-22 00:55:33,712 [Worker-12: Building] INFO  o.e.m.c.i.e.AbstractTransferListenerAdapter - Downloading https://repo.maven.apache.org/maven2/org/springframework/boot/spring-boot-starter-parent/2.5.3/spring-boot-starter-parent-2.5.3.pom
2022-05-22 00:55:33,892 [Worker-12: Building] INFO  o.e.m.c.i.e.AbstractTransferListenerAdapter - Downloading https://repo.maven.apache.org/maven2/org/springframework/boot/spring-boot-starter-parent/2.5.3/spring-boot-starter-parent-2.5.3.pom
2022-05-22 00:55:34,073 [Worker-12: Building] INFO  o.e.m.c.i.e.AbstractTransferListenerAdapter - Downloading https://repo.maven.apache.org/maven2/org/springframework/boot/spring-boot-starter-parent/2.5.3/spring-boot-starter-parent-2.5.3.pom
2022-05-22 00:55:34,255 [Worker-12: Building] INFO  o.e.m.c.i.e.AbstractTransferListenerAdapter - Downloading https://repo.maven.apache.org/maven2/org/springframework/boot/spring-boot-starter-parent/2.5.3/spring-boot-starter-parent-2.5.3.pom
2022-05-22 00:55:34,436 [Worker-12: Building] INFO  o.e.m.c.i.e.AbstractTransferListenerAdapter - Downloading https://repo.maven.apache.org/maven2/org/springframework/boot/spring-boot-starter-parent/2.5.3/spring-boot-starter-parent-2.5.3.pom
2022-05-22 00:55:34,616 [Worker-12: Building] INFO  o.e.m.c.i.e.AbstractTransferListenerAdapter - Downloading https://repo.maven.apache.org/maven2/org/springframework/boot/spring-boot-starter-parent/2.5.3/spring-boot-starter-parent-2.5.3.pom
2022-05-22 00:55:34,795 [Worker-12: Building] INFO  o.e.m.c.i.e.AbstractTransferListenerAdapter - Downloading https://repo.maven.apache.org/maven2/org/springframework/boot/spring-boot-starter-parent/2.5.3/spring-boot-starter-parent-2.5.3.pom
2022-05-22 00:55:34,796 [Worker-12: Building] INFO  o.e.m.c.i.e.AbstractTransferListenerAdapter - Downloaded https://repo.maven.apache.org/maven2/org/springframework/boot/spring-boot-starter-parent/2.5.3/spring-boot-starter-parent-2.5.3.pom
2022-05-22 00:55:34,799 [Worker-12: Building] WARN  o.e.a.i.impl.TrackingFileManager - Failed to create parent directories for tracking file C:\Users\ConradMaré\.m2\repository\org\springframework\boot\spring-boot-starter-parent\2.5.3\spring-boot-starter-parent-2.5.3.pom.lastUpdated
2022-05-22 00:55:36,153 [Worker-12: Building] INFO  o.e.m.c.i.e.AbstractTransferListenerAdapter - Downloaded https://repo.spring.io/milestone/org/springframework/boot/spring-boot-starter-parent/2.5.3/spring-boot-starter-parent-2.5.3.pom
2022-05-22 00:55:36,156 [Worker-12: Building] WARN  o.e.a.i.impl.TrackingFileManager - Failed to create parent directories for tracking file C:\Users\ConradMaré\.m2\repository\org\springframework\boot\spring-boot-starter-parent\2.5.3\spring-boot-starter-parent-2.5.3.pom.lastUpdated
2022-05-22 00:55:36,874 [Worker-12: Building] INFO  o.e.m.c.i.e.AbstractTransferListenerAdapter - Downloading https://repo.maven.apache.org/maven2/org/springframework/boot/spring-boot-starter-parent/2.5.3/spring-boot-starter-parent-2.5.3.pom
2022-05-22 00:55:37,221 [Worker-12: Building] INFO  o.e.m.c.i.e.AbstractTransferListenerAdapter - Downloading https://repo.maven.apache.org/maven2/org/springframework/boot/spring-boot-starter-parent/2.5.3/spring-boot-starter-parent-2.5.3.pom
2022-05-22 00:55:37,398 [Worker-12: Building] INFO  o.e.m.c.i.e.AbstractTransferListenerAdapter - Downloading https://repo.maven.apache.org/maven2/org/springframework/boot/spring-boot-starter-parent/2.5.3/spring-boot-starter-parent-2.5.3.pom
2022-05-22 00:55:37,577 [Worker-12: Building] INFO  o.e.m.c.i.e.AbstractTransferListenerAdapter - Downloading https://repo.maven.apache.org/maven2/org/springframework/boot/spring-boot-starter-parent/2.5.3/spring-boot-starter-parent-2.5.3.pom
2022-05-22 00:55:37,757 [Worker-12: Building] INFO  o.e.m.c.i.e.AbstractTransferListenerAdapter - Downloading https://repo.maven.apache.org/maven2/org/springframework/boot/spring-boot-starter-parent/2.5.3/spring-boot-starter-parent-2.5.3.pom
2022-05-22 00:55:37,935 [Worker-12: Building] INFO  o.e.m.c.i.e.AbstractTransferListenerAdapter - Downloading https://repo.maven.apache.org/maven2/org/springframework/boot/spring-boot-starter-parent/2.5.3/spring-boot-starter-parent-2.5.3.pom
2022-05-22 00:55:38,120 [Worker-12: Building] INFO  o.e.m.c.i.e.AbstractTransferListenerAdapter - Downloading https://repo.maven.apache.org/maven2/org/springframework/boot/spring-boot-starter-parent/2.5.3/spring-boot-starter-parent-2.5.3.pom
2022-05-22 00:55:38,296 [Worker-12: Building] INFO  o.e.m.c.i.e.AbstractTransferListenerAdapter - Downloading https://repo.maven.apache.org/maven2/org/springframework/boot/spring-boot-starter-parent/2.5.3/spring-boot-starter-parent-2.5.3.pom
2022-05-22 00:55:38,478 [Worker-12: Building] INFO  o.e.m.c.i.e.AbstractTransferListenerAdapter - Downloading https://repo.maven.apache.org/maven2/org/springframework/boot/spring-boot-starter-parent/2.5.3/spring-boot-starter-parent-2.5.3.pom
2022-05-22 00:55:38,661 [Worker-12: Building] INFO  o.e.m.c.i.e.AbstractTransferListenerAdapter - Downloading https://repo.maven.apache.org/maven2/org/springframework/boot/spring-boot-starter-parent/2.5.3/spring-boot-starter-parent-2.5.3.pom
2022-05-22 00:55:38,662 [Worker-12: Building] INFO  o.e.m.c.i.e.AbstractTransferListenerAdapter - Downloaded https://repo.maven.apache.org/maven2/org/springframework/boot/spring-boot-starter-parent/2.5.3/spring-boot-starter-parent-2.5.3.pom
2022-05-22 00:55:38,665 [Worker-12: Building] WARN  o.e.a.i.impl.TrackingFileManager - Failed to create parent directories for tracking file C:\Users\ConradMaré\.m2\repository\org\springframework\boot\spring-boot-starter-parent\2.5.3\spring-boot-starter-parent-2.5.3.pom.lastUpdated
